\BOOKMARK [1][-]{section.0}{\376\377\0000\000\040\000P\000r\000e\000m\000a\000l\000i\000e\000s}{}% 1
\BOOKMARK [1][-]{section*.2}{\376\377\000P\000a\000r\000t\000\040\0001\000:\000\040\000T\000H\000E\000\040\000E\000X\000P\000A\000N\000S\000I\000N\000O\000N\000\040\000O\000F\000\040\000T\000H\000E\000\040\000U\000N\000I\000V\000E\000R\000S\000E}{}% 2
\BOOKMARK [1][-]{section.1}{\376\377\0001\000\040\000S\000p\000a\000c\000e\000\040\000g\000e\000o\000m\000e\000t\000r\000y}{}% 3
\BOOKMARK [2][-]{subsection.1.1}{\376\377\0001\000.\0001\000\040\000l\000a\000r\000g\000e\000\040\000p\000r\000o\000p\000e\000r\000t\000i\000e\000s\000\040\000o\000f\000\040\000t\000h\000e\000\040\000s\000p\000a\000c\000e\000t\000i\000m\000e}{section.1}% 4
\BOOKMARK [3][-]{subsubsection.1.1.1}{\376\377\0001\000.\0001\000.\0001\000\040\000f\000i\000n\000i\000t\000e\000\040\000\050\000c\000o\000m\000p\000a\000c\000t\000\051\000\040\000s\000p\000a\000c\000e\000s\000\040\000K\000=\000+\0001}{subsection.1.1}% 5
\BOOKMARK [3][-]{subsubsection.1.1.2}{\376\377\0001\000.\0001\000.\0002\000\040\000i\000n\000f\000i\000n\000i\000t\000e\000\040\000\050\000n\000o\000n\000-\000c\000o\000m\000p\000a\000c\000t\000\051\000\040\000s\000p\000a\000c\000e\000s\000\040\000K\000=\0000\000\040\000o\000r\000\040\000K\000=\000-\0001\000\040}{subsection.1.1}% 6
\BOOKMARK [3][-]{subsubsection.1.1.3}{\376\377\0001\000.\0001\000.\0003\000\040\000P\000e\000r\000i\000o\000d\000i\000c\000\040\000c\000o\000n\000d\000i\000t\000i\000o\000n}{subsection.1.1}% 7
\BOOKMARK [1][-]{section.2}{\376\377\0002\000\040\000T\000h\000e\000\040\000c\000o\000s\000m\000o\000l\000o\000g\000i\000c\000a\000l\000\040\000r\000e\000d\000s\000h\000i\000f\000t}{}% 8
\BOOKMARK [2][-]{subsection.2.1}{\376\377\0002\000.\0001\000\040\000H\000i\000s\000t\000o\000r\000y\000\040\000o\000f\000\040\000o\000b\000s\000e\000r\000v\000a\000t\000i\000o\000n\000\040\000o\000f\000\040\000r\000e\000d\000s\000h\000i\000f\000t}{section.2}% 9
\BOOKMARK [2][-]{subsection.2.2}{\376\377\0002\000.\0002\000\040\000P\000r\000e\000v\000i\000o\000u\000s\000\040\000H\000u\000b\000b\000l\000e\000\040\000c\000o\000n\000s\000t\000a\000n\000t}{section.2}% 10
\BOOKMARK [1][-]{section.3}{\376\377\0003\000\040\000D\000i\000s\000t\000a\000n\000c\000e\000s\000\040\000a\000t\000\040\000s\000m\000a\000l\000l\000\040\000r\000e\000d\000s\000h\000i\000f\000t\000:\000\040\000T\000h\000e\000\040\000H\000u\000b\000b\000l\000e\000\040\000c\000o\000n\000s\000t\000a\000n\000t}{}% 11
\BOOKMARK [2][-]{subsection.3.1}{\376\377\0003\000.\0001\000\040\000A\000.\000\040\000P\000r\000i\000m\000a\000r\000y\000\040\000d\000i\000s\000t\000a\000n\000c\000e\000\040\000i\000n\000d\000i\000c\000a\000t\000o\000r\000s\0001}{section.3}% 12
\BOOKMARK [3][-]{subsubsection.3.1.1}{\376\377\0003\000.\0001\000.\0001\000\040\000T\000r\000i\000g\000o\000n\000o\000m\000e\000t\000r\000i\000c\000\040\000p\000a\000r\000a\000l\000l\000a\000x}{subsection.3.1}% 13
\BOOKMARK [3][-]{subsubsection.3.1.2}{\376\377\0003\000.\0001\000.\0002\000\040\000P\000r\000o\000p\000e\000r\000\040\000m\000o\000t\000i\000o\000n\000s}{subsection.3.1}% 14
\BOOKMARK [3][-]{subsubsection.3.1.3}{\376\377\0003\000.\0001\000.\0003\000\040\116\214\153\041\060\156\143\007\152\031\215\335\226\342\000\050\000S\000e\000c\000o\000n\000d\000a\000r\000y\000\040\000d\000i\000s\000t\000a\000n\000c\000e\000\040\000i\000n\000d\000i\000c\000a\000t\000o\000r\000s\000\051\060\156\117\213}{subsection.3.1}% 15
\BOOKMARK [3][-]{subsubsection.3.1.4}{\376\377\0003\000.\0001\000.\0004\000\040\060\317\060\303\060\326\060\353\133\232\145\160\060\222\156\054\133\232\060\131\060\213\151\330\060\005\060\152\163\376\214\141}{subsection.3.1}% 16
\BOOKMARK [3][-]{subsubsection.3.1.5}{\376\377\0003\000.\0001\000.\0005\000\040\060\317\060\303\060\326\060\353\133\232\145\160\060\156\147\000\217\321\060\156\210\150\212\030\060\153\060\144\060\104\060\146}{subsection.3.1}% 17
\BOOKMARK [1][-]{section.4}{\376\377\0004\000\040\000L\000u\000m\000i\000n\000o\000s\000i\000t\000y\000\040\000d\000i\000s\000t\000a\000n\000c\000e\000s\000\040\000a\000n\000d\000\040\000a\000n\000g\000u\000l\000a\000r\000\040\000d\000i\000a\000m\000e\000t\000e\000r\000\040\000d\000i\000s\000t\000a\000n\000c\000e\000s}{}% 18
\BOOKMARK [1][-]{section.5}{\376\377\0005\000\040\133\207\133\231\201\250\137\065\060\156\122\325\122\233\133\146\000\050\000D\000y\000n\000a\000m\000i\000c\000s\000\040\000o\000f\000\040\000e\000x\000p\000a\000n\000s\000i\000o\000n\000\051}{}% 19
\BOOKMARK [2][-]{subsection.5.1}{\376\377\0005\000.\0001\000\040\133\207\133\231\201\250\137\065\060\153\060\144\060\104\060\146\060\325\060\352\060\374\060\311\060\336\060\363\145\271\172\013\137\017\060\113\060\211\200\003\133\337}{section.5}% 20
\BOOKMARK [1][-]{section.6}{\376\377\0006\000\040\131\047\060\115\060\152\215\144\145\271\120\117\171\373\060\153\060\112\060\121\060\213\215\335\226\342\000\050\000D\000i\000s\000t\000a\000n\000c\000e\000s\000\040\000a\000t\000\040\000l\000a\000r\000g\000e\000\040\000r\000e\000d\000s\000h\000i\000f\000t\000\051}{}% 21
\BOOKMARK [2][-]{subsection.6.1}{\376\377\0006\000.\0001\000\040\152\031\156\226\121\111\156\220\060\156\200\003\133\337}{section.6}% 22
\BOOKMARK [1][-]{section.10}{\376\377\0001\0000\000\040\222\200\154\263\225\223\060\156\060\254\060\271\060\153\060\210\060\213\124\070\123\316\000\050\000I\000n\000t\000e\000r\000g\000a\000l\000a\000c\000t\000i\000c\000\040\000a\000b\000s\000o\000r\000p\000t\000i\000o\000n\000\051}{}% 23
\BOOKMARK [1][-]{section.11}{\376\377\0001\0001\000\040\212\010\145\160\000\050\000N\000u\000m\000b\000e\000r\000\040\000c\000o\000u\000n\000t\000s\000\051}{}% 24
\BOOKMARK [1][-]{section.12}{\376\377\0001\0002\000\040\060\257\060\244\060\363\060\306\060\303\060\273\060\363\060\271\000\050\000Q\000u\000i\000n\000t\000e\000s\000s\000e\000n\000c\000e\000\051}{}% 25
