This is e-pTeX, Version 3.14159265-p3.7.1-161114-2.6 (utf8.euc) (TeX Live 2017) (preloaded format=platex 2019.3.4)  14 MAY 2019 03:19
entering extended mode
 restricted \write18 enabled.
 file:line:error style messages enabled.
 %&-line parsing enabled.
**notes.tex
(./notes.tex
pLaTeX2e <2017/10/28>+4 (based on LaTeX2e <2017-04-15>)
Babel <3.17> and hyphenation patterns for 84 language(s) loaded.

(/Applications/TeXLive/Library/texlive/2017/texmf-dist/tex/platex/jsclasses/jsa
rticle.cls
Document Class: jsarticle 2017/10/04 jsclasses (okumura, texjporg)
\jsc@mpt=\dimen118
\jsc@mmm=\dimen119
\jsc@smallskipamount=\skip41
LaTeX Info: Redefining \rmfamily on input line 471.
LaTeX Info: Redefining \sffamily on input line 474.
LaTeX Info: Redefining \ttfamily on input line 477.
LaTeX Info: Redefining \textmc on input line 481.
LaTeX Info: Redefining \textgt on input line 483.
\symmincho=\mathgroup4
LaTeX Font Info:    Overwriting symbol font `mincho' in version `bold'
(Font)                  JY1/mc/m/n --> JY1/gt/m/n on input line 545.
LaTeX Font Info:    Font shape `JT1/mc/m/n' will be
(Font)              scaled to size 9.60999pt on input line 736.
LaTeX Font Info:    Font shape `JY1/mc/m/n' will be
(Font)              scaled to size 9.60999pt on input line 736.
\fullwidth=\dimen120
LaTeX Font Info:    Font shape `JT1/mc/m/n' will be
(Font)              scaled to size 7.68799pt on input line 889.
LaTeX Font Info:    Font shape `JY1/mc/m/n' will be
(Font)              scaled to size 7.68799pt on input line 889.
\c@part=\count82
\c@section=\count83
\c@subsection=\count84
\c@subsubsection=\count85
\c@paragraph=\count86
\c@subparagraph=\count87
\@abstractbox=\box42
\c@figure=\count88
\c@table=\count89
\abovecaptionskip=\skip42
\belowcaptionskip=\skip43
\jsc@tocl@width=\dimen121
\@lnumwidth=\dimen122
\bibindent=\dimen123

(/Applications/TeXLive/Library/texlive/2017/texmf-dist/tex/platex/jsclasses/jsl
ogo.sty
Package: jslogo 2017/02/24 okumura, texjporg
LaTeX Info: Redefining \TeX on input line 94.
LaTeX Info: Redefining \LaTeX on input line 147.
LaTeX Info: Redefining \LaTeXe on input line 200.
)
\heisei=\count90
)
(/Applications/TeXLive/Library/texlive/2017/texmf-dist/tex/latex/geometry/geome
try.sty
Package: geometry 2010/09/12 v5.6 Page Geometry

(/Applications/TeXLive/Library/texlive/2017/texmf-dist/tex/latex/graphics/keyva
l.sty
Package: keyval 2014/10/28 v1.15 key=value parser (DPC)
\KV@toks@=\toks15
)
(/Applications/TeXLive/Library/texlive/2017/texmf-dist/tex/generic/oberdiek/ifp
df.sty
Package: ifpdf 2017/03/15 v3.2 Provides the ifpdf switch
)
(/Applications/TeXLive/Library/texlive/2017/texmf-dist/tex/generic/oberdiek/ifv
tex.sty
Package: ifvtex 2016/05/16 v1.6 Detect VTeX and its facilities (HO)
Package ifvtex Info: VTeX not detected.
)
(/Applications/TeXLive/Library/texlive/2017/texmf-dist/tex/generic/ifxetex/ifxe
tex.sty
Package: ifxetex 2010/09/12 v0.6 Provides ifxetex conditional
)
\Gm@cnth=\count91
\Gm@cntv=\count92
\c@Gm@tempcnt=\count93
\Gm@bindingoffset=\dimen124
\Gm@wd@mp=\dimen125
\Gm@odd@mp=\dimen126
\Gm@even@mp=\dimen127
\Gm@layoutwidth=\dimen128
\Gm@layoutheight=\dimen129
\Gm@layouthoffset=\dimen130
\Gm@layoutvoffset=\dimen131
\Gm@dimlist=\toks16
)
(/Applications/TeXLive/Library/texlive/2017/texmf-dist/tex/latex/mathtools/math
tools.sty
Package: mathtools 2018/01/08 v1.21 mathematical typesetting tools

(/Applications/TeXLive/Library/texlive/2017/texmf-dist/tex/latex/tools/calc.sty
Package: calc 2014/10/28 v4.3 Infix arithmetic (KKT,FJ)
\calc@Acount=\count94
\calc@Bcount=\count95
\calc@Adimen=\dimen132
\calc@Bdimen=\dimen133
\calc@Askip=\skip44
\calc@Bskip=\skip45
LaTeX Info: Redefining \setlength on input line 80.
LaTeX Info: Redefining \addtolength on input line 81.
\calc@Ccount=\count96
\calc@Cskip=\skip46
)
(/Applications/TeXLive/Library/texlive/2017/texmf-dist/tex/latex/mathtools/mhse
tup.sty
Package: mhsetup 2017/03/31 v1.3 programming setup (MH)
)
(/Applications/TeXLive/Library/texlive/2017/texmf-dist/tex/latex/amsmath/amsmat
h.sty
Package: amsmath 2017/09/02 v2.17a AMS math features
\@mathmargin=\skip47

For additional information on amsmath, use the `?' option.

(/Applications/TeXLive/Library/texlive/2017/texmf-dist/tex/latex/amsmath/amstex
t.sty
Package: amstext 2000/06/29 v2.01 AMS text

(/Applications/TeXLive/Library/texlive/2017/texmf-dist/tex/latex/amsmath/amsgen
.sty
File: amsgen.sty 1999/11/30 v2.0 generic functions
\@emptytoks=\toks17
\ex@=\dimen134
))
(/Applications/TeXLive/Library/texlive/2017/texmf-dist/tex/latex/amsmath/amsbsy
.sty
Package: amsbsy 1999/11/29 v1.2d Bold Symbols
\pmbraise@=\dimen135
)
(/Applications/TeXLive/Library/texlive/2017/texmf-dist/tex/latex/amsmath/amsopn
.sty
Package: amsopn 2016/03/08 v2.02 operator names
)
\inf@bad=\count97
LaTeX Info: Redefining \frac on input line 213.
\uproot@=\count98
\leftroot@=\count99
LaTeX Info: Redefining \overline on input line 375.
\classnum@=\count100
\DOTSCASE@=\count101
LaTeX Info: Redefining \ldots on input line 472.
LaTeX Info: Redefining \dots on input line 475.
LaTeX Info: Redefining \cdots on input line 596.
\Mathstrutbox@=\box43
\strutbox@=\box44
\big@size=\dimen136
LaTeX Font Info:    Redeclaring font encoding OML on input line 712.
LaTeX Font Info:    Redeclaring font encoding OMS on input line 713.
\macc@depth=\count102
\c@MaxMatrixCols=\count103
\dotsspace@=\muskip10
\c@parentequation=\count104
\dspbrk@lvl=\count105
\tag@help=\toks18
\row@=\count106
\column@=\count107
\maxfields@=\count108
\andhelp@=\toks19
\eqnshift@=\dimen137
\alignsep@=\dimen138
\tagshift@=\dimen139
\tagwidth@=\dimen140
\totwidth@=\dimen141
\lineht@=\dimen142
\@envbody=\toks20
\multlinegap=\skip48
\multlinetaggap=\skip49
\mathdisplay@stack=\toks21
LaTeX Info: Redefining \[ on input line 2817.
LaTeX Info: Redefining \] on input line 2818.
)
LaTeX Info: Thecontrolsequence`\('isalreadyrobust on input line 129.
LaTeX Info: Thecontrolsequence`\)'isalreadyrobust on input line 129.
LaTeX Info: Thecontrolsequence`\['isalreadyrobust on input line 129.
LaTeX Info: Thecontrolsequence`\]'isalreadyrobust on input line 129.
\g_MT_multlinerow_int=\count109
\l_MT_multwidth_dim=\dimen143
\origjot=\skip50
\l_MT_shortvdotswithinadjustabove_dim=\dimen144
\l_MT_shortvdotswithinadjustbelow_dim=\dimen145
\l_MT_above_intertext_sep=\dimen146
\l_MT_below_intertext_sep=\dimen147
\l_MT_above_shortintertext_sep=\dimen148
\l_MT_below_shortintertext_sep=\dimen149
)
(/Applications/TeXLive/Library/texlive/2017/texmf-dist/tex/latex/amsfonts/amssy
mb.sty
Package: amssymb 2013/01/14 v3.01 AMS font symbols

(/Applications/TeXLive/Library/texlive/2017/texmf-dist/tex/latex/amsfonts/amsfo
nts.sty
Package: amsfonts 2013/01/14 v3.01 Basic AMSFonts support
\symAMSa=\mathgroup5
\symAMSb=\mathgroup6
LaTeX Font Info:    Overwriting math alphabet `\mathfrak' in version `bold'
(Font)                  U/euf/m/n --> U/euf/b/n on input line 106.
))
(/Applications/TeXLive/Library/texlive/2017/texmf-dist/tex/generic/ulem/ulem.st
y
\UL@box=\box45
\UL@hyphenbox=\box46
\UL@skip=\skip51
\UL@hook=\toks22
\UL@height=\dimen150
\UL@pe=\count110
\UL@pixel=\dimen151
\ULC@box=\box47
Package: ulem 2012/05/18
\ULdepth=\dimen152
)
(/Applications/TeXLive/Library/texlive/2017/texmf-dist/tex/latex/tocbibind/tocb
ibind.sty
Package: tocbibind 2010/10/13 v1.5k extra ToC listings
Package tocbibind Info: The document has section divisions on input line 50.


Package tocbibind Note: Using section or other style headings.

) (/Applications/TeXLive/Library/texlive/2017/texmf-dist/tex/latex/tools/bm.sty
Package: bm 2017/01/16 v1.2c Bold Symbol Support (DPC/FMi)
\symboldoperators=\mathgroup7
\symboldletters=\mathgroup8
\symboldsymbols=\mathgroup9
\symboldmincho=\mathgroup10
LaTeX Font Info:    Redeclaring math alphabet \mathbf on input line 141.
LaTeX Info: Redefining \bm on input line 207.
)
(/Applications/TeXLive/Library/texlive/2017/texmf-dist/tex/generic/mathdots/mat
hdots.sty
Package: mathdots 2014/06/11 v0.9 Improve and add various macros for dots in ma
th.
\MDo@unit=\dimen153
\MDo@dotsbox=\box48
\MDoprekern=\muskip11
\MDopostkern=\muskip12
\MDodotkern=\muskip13
)
(/Applications/TeXLive/Library/texlive/2017/texmf-dist/tex/latex/graphics/graph
icx.sty
Package: graphicx 2017/06/01 v1.1a Enhanced LaTeX Graphics (DPC,SPQR)

(/Applications/TeXLive/Library/texlive/2017/texmf-dist/tex/latex/graphics/graph
ics.sty
Package: graphics 2017/06/25 v1.2c Standard LaTeX Graphics (DPC,SPQR)

(/Applications/TeXLive/Library/texlive/2017/texmf-dist/tex/latex/graphics/trig.
sty
Package: trig 2016/01/03 v1.10 sin cos tan (DPC)
)
(/Applications/TeXLive/Library/texlive/2017/texmf-dist/tex/latex/graphics-cfg/g
raphics.cfg
File: graphics.cfg 2016/06/04 v1.11 sample graphics configuration
)
Package graphics Info: Driver file: dvipdfmx.def on input line 99.

(/Applications/TeXLive/Library/texlive/2017/texmf-dist/tex/latex/graphics-def/d
vipdfmx.def
File: dvipdfmx.def 2017/06/24 v5.0g Graphics/color driver for dvipdfmx
))
\Gin@req@height=\dimen154
\Gin@req@width=\dimen155
)
(/Applications/TeXLive/Library/texlive/2017/texmf-dist/tex/latex/float/float.st
y
Package: float 2001/11/08 v1.3d Float enhancements (AL)
\c@float@type=\count111
\float@exts=\toks23
\float@box=\box49
\@float@everytoks=\toks24
\@floatcapt=\box50
)
(/Applications/TeXLive/Library/texlive/2017/texmf-dist/tex/latex/xcolor/xcolor.
sty
Package: xcolor 2016/05/11 v2.12 LaTeX color extensions (UK)

(/Applications/TeXLive/Library/texlive/2017/texmf-dist/tex/latex/graphics-cfg/c
olor.cfg
File: color.cfg 2016/01/02 v1.6 sample color configuration
)
Package xcolor Info: Driver file: dvipdfmx.def on input line 225.
Package xcolor Info: Model `cmy' substituted by `cmy0' on input line 1348.
Package xcolor Info: Model `RGB' extended on input line 1364.
Package xcolor Info: Model `HTML' substituted by `rgb' on input line 1366.
Package xcolor Info: Model `Hsb' substituted by `hsb' on input line 1367.
Package xcolor Info: Model `tHsb' substituted by `hsb' on input line 1368.
Package xcolor Info: Model `HSB' substituted by `hsb' on input line 1369.
Package xcolor Info: Model `Gray' substituted by `gray' on input line 1370.
Package xcolor Info: Model `wave' substituted by `hsb' on input line 1371.

(/Applications/TeXLive/Library/texlive/2017/texmf-dist/tex/latex/xcolor/svgnam.
def
File: svgnam.def 2016/05/11 v2.12 Predefined colors according to SVG 1.1 (UK)
))
(/Applications/TeXLive/Library/texlive/2017/texmf-dist/tex/latex/tensor/tensor.
sty
Package: tensor 2004/12/20 v2.1 tensor indices package (PGR)
\tnsr@Sps=\toks25
\tnsr@Sbs=\toks26
\tnsr@Spe=\toks27
\tnsr@Sbe=\toks28
\ncld@Mno=\toks29
)
(/Applications/TeXLive/Library/texlive/2017/texmf-dist/tex/latex/tools/enumerat
e.sty
Package: enumerate 2015/07/23 v3.00 enumerate extensions (DPC)
\@enLab=\toks30
)
(/Applications/TeXLive/Library/texlive/2017/texmf-dist/tex/latex/adjustbox/adju
stbox.sty
Package: adjustbox 2012/05/21 v1.0 Adjusting TeX boxes (trim, clip, ...)

(/Applications/TeXLive/Library/texlive/2017/texmf-dist/tex/latex/xkeyval/xkeyva
l.sty
Package: xkeyval 2014/12/03 v2.7a package option processing (HA)

(/Applications/TeXLive/Library/texlive/2017/texmf-dist/tex/generic/xkeyval/xkey
val.tex
(/Applications/TeXLive/Library/texlive/2017/texmf-dist/tex/generic/xkeyval/xkvu
tils.tex
\XKV@toks=\toks31
\XKV@tempa@toks=\toks32
)
\XKV@depth=\count112
File: xkeyval.tex 2014/12/03 v2.7a key=value parser (HA)
))
(/Applications/TeXLive/Library/texlive/2017/texmf-dist/tex/latex/adjustbox/adjc
alc.sty
Package: adjcalc 2012/05/16 v1.1 Provides advanced setlength with multiple back
-ends (calc, etex, pgfmath)
)
(/Applications/TeXLive/Library/texlive/2017/texmf-dist/tex/latex/adjustbox/trim
clip.sty
Package: trimclip 2012/05/16 v1.0 Trim and clip general TeX material

(/Applications/TeXLive/Library/texlive/2017/texmf-dist/tex/latex/collectbox/col
lectbox.sty
Package: collectbox 2012/05/17 v0.4b Collect macro arguments as boxes
\collectedbox=\box51
)
\tc@llx=\dimen156
\tc@lly=\dimen157
\tc@urx=\dimen158
\tc@ury=\dimen159

(/Applications/TeXLive/Library/texlive/2017/texmf-dist/tex/latex/adjustbox/tc-p
gf.def
File: tc-pgf.def 2012/05/13 v1.0 trimclip fall-back clipping driver using PGF

(/Applications/TeXLive/Library/texlive/2017/texmf-dist/tex/latex/pgf/basiclayer
/pgf.sty
(/Applications/TeXLive/Library/texlive/2017/texmf-dist/tex/latex/pgf/utilities/
pgfrcs.sty
(/Applications/TeXLive/Library/texlive/2017/texmf-dist/tex/generic/pgf/utilitie
s/pgfutil-common.tex
\pgfutil@everybye=\toks33
\pgfutil@tempdima=\dimen160
\pgfutil@tempdimb=\dimen161

(/Applications/TeXLive/Library/texlive/2017/texmf-dist/tex/generic/pgf/utilitie
s/pgfutil-common-lists.tex))
(/Applications/TeXLive/Library/texlive/2017/texmf-dist/tex/generic/pgf/utilitie
s/pgfutil-latex.def
\pgfutil@abb=\box52

(/Applications/TeXLive/Library/texlive/2017/texmf-dist/tex/latex/ms/everyshi.st
y
Package: everyshi 2001/05/15 v3.00 EveryShipout Package (MS)
))
(/Applications/TeXLive/Library/texlive/2017/texmf-dist/tex/generic/pgf/utilitie
s/pgfrcs.code.tex
Package: pgfrcs 2015/08/07 v3.0.1a (rcs-revision 1.31)
))
Package: pgf 2015/08/07 v3.0.1a (rcs-revision 1.15)

(/Applications/TeXLive/Library/texlive/2017/texmf-dist/tex/latex/pgf/basiclayer
/pgfcore.sty
(/Applications/TeXLive/Library/texlive/2017/texmf-dist/tex/latex/pgf/systemlaye
r/pgfsys.sty
(/Applications/TeXLive/Library/texlive/2017/texmf-dist/tex/generic/pgf/systemla
yer/pgfsys.code.tex
Package: pgfsys 2014/07/09 v3.0.1a (rcs-revision 1.48)

(/Applications/TeXLive/Library/texlive/2017/texmf-dist/tex/generic/pgf/utilitie
s/pgfkeys.code.tex
\pgfkeys@pathtoks=\toks34
\pgfkeys@temptoks=\toks35

(/Applications/TeXLive/Library/texlive/2017/texmf-dist/tex/generic/pgf/utilitie
s/pgfkeysfiltered.code.tex
\pgfkeys@tmptoks=\toks36
))
\pgf@x=\dimen162
\pgf@y=\dimen163
\pgf@xa=\dimen164
\pgf@ya=\dimen165
\pgf@xb=\dimen166
\pgf@yb=\dimen167
\pgf@xc=\dimen168
\pgf@yc=\dimen169
\w@pgf@writea=\write3
\r@pgf@reada=\read1
\c@pgf@counta=\count113
\c@pgf@countb=\count114
\c@pgf@countc=\count115
\c@pgf@countd=\count116
\t@pgf@toka=\toks37
\t@pgf@tokb=\toks38
\t@pgf@tokc=\toks39

(/Applications/TeXLive/Library/texlive/2017/texmf-dist/tex/generic/pgf/systemla
yer/pgf.cfg
File: pgf.cfg 2008/05/14  (rcs-revision 1.7)
)
Driver file for pgf: pgfsys-dvipdfmx.def

(/Applications/TeXLive/Library/texlive/2017/texmf-dist/tex/generic/pgf/systemla
yer/pgfsys-dvipdfmx.def
File: pgfsys-dvipdfmx.def 2014/07/09  (rcs-revision 1.14)

(/Applications/TeXLive/Library/texlive/2017/texmf-dist/tex/generic/pgf/systemla
yer/pgfsys-common-pdf.def
File: pgfsys-common-pdf.def 2013/10/10  (rcs-revision 1.13)
)
\pgfsys@objnum=\count117
))
(/Applications/TeXLive/Library/texlive/2017/texmf-dist/tex/generic/pgf/systemla
yer/pgfsyssoftpath.code.tex
File: pgfsyssoftpath.code.tex 2013/09/09  (rcs-revision 1.9)
\pgfsyssoftpath@smallbuffer@items=\count118
\pgfsyssoftpath@bigbuffer@items=\count119
)
(/Applications/TeXLive/Library/texlive/2017/texmf-dist/tex/generic/pgf/systemla
yer/pgfsysprotocol.code.tex
File: pgfsysprotocol.code.tex 2006/10/16  (rcs-revision 1.4)
))
(/Applications/TeXLive/Library/texlive/2017/texmf-dist/tex/generic/pgf/basiclay
er/pgfcore.code.tex
Package: pgfcore 2010/04/11 v3.0.1a (rcs-revision 1.7)

(/Applications/TeXLive/Library/texlive/2017/texmf-dist/tex/generic/pgf/math/pgf
math.code.tex
(/Applications/TeXLive/Library/texlive/2017/texmf-dist/tex/generic/pgf/math/pgf
mathcalc.code.tex
(/Applications/TeXLive/Library/texlive/2017/texmf-dist/tex/generic/pgf/math/pgf
mathutil.code.tex)
(/Applications/TeXLive/Library/texlive/2017/texmf-dist/tex/generic/pgf/math/pgf
mathparser.code.tex
\pgfmath@dimen=\dimen170
\pgfmath@count=\count120
\pgfmath@box=\box53
\pgfmath@toks=\toks40
\pgfmath@stack@operand=\toks41
\pgfmath@stack@operation=\toks42
)
(/Applications/TeXLive/Library/texlive/2017/texmf-dist/tex/generic/pgf/math/pgf
mathfunctions.code.tex
(/Applications/TeXLive/Library/texlive/2017/texmf-dist/tex/generic/pgf/math/pgf
mathfunctions.basic.code.tex)
(/Applications/TeXLive/Library/texlive/2017/texmf-dist/tex/generic/pgf/math/pgf
mathfunctions.trigonometric.code.tex)
(/Applications/TeXLive/Library/texlive/2017/texmf-dist/tex/generic/pgf/math/pgf
mathfunctions.random.code.tex)
(/Applications/TeXLive/Library/texlive/2017/texmf-dist/tex/generic/pgf/math/pgf
mathfunctions.comparison.code.tex)
(/Applications/TeXLive/Library/texlive/2017/texmf-dist/tex/generic/pgf/math/pgf
mathfunctions.base.code.tex)
(/Applications/TeXLive/Library/texlive/2017/texmf-dist/tex/generic/pgf/math/pgf
mathfunctions.round.code.tex)
(/Applications/TeXLive/Library/texlive/2017/texmf-dist/tex/generic/pgf/math/pgf
mathfunctions.misc.code.tex)
(/Applications/TeXLive/Library/texlive/2017/texmf-dist/tex/generic/pgf/math/pgf
mathfunctions.integerarithmetics.code.tex)))
(/Applications/TeXLive/Library/texlive/2017/texmf-dist/tex/generic/pgf/math/pgf
mathfloat.code.tex
\c@pgfmathroundto@lastzeros=\count121
))
(/Applications/TeXLive/Library/texlive/2017/texmf-dist/tex/generic/pgf/basiclay
er/pgfcorepoints.code.tex
File: pgfcorepoints.code.tex 2013/10/07  (rcs-revision 1.27)
\pgf@picminx=\dimen171
\pgf@picmaxx=\dimen172
\pgf@picminy=\dimen173
\pgf@picmaxy=\dimen174
\pgf@pathminx=\dimen175
\pgf@pathmaxx=\dimen176
\pgf@pathminy=\dimen177
\pgf@pathmaxy=\dimen178
\pgf@xx=\dimen179
\pgf@xy=\dimen180
\pgf@yx=\dimen181
\pgf@yy=\dimen182
\pgf@zx=\dimen183
\pgf@zy=\dimen184
)
(/Applications/TeXLive/Library/texlive/2017/texmf-dist/tex/generic/pgf/basiclay
er/pgfcorepathconstruct.code.tex
File: pgfcorepathconstruct.code.tex 2013/10/07  (rcs-revision 1.29)
\pgf@path@lastx=\dimen185
\pgf@path@lasty=\dimen186
)
(/Applications/TeXLive/Library/texlive/2017/texmf-dist/tex/generic/pgf/basiclay
er/pgfcorepathusage.code.tex
File: pgfcorepathusage.code.tex 2014/11/02  (rcs-revision 1.24)
\pgf@shorten@end@additional=\dimen187
\pgf@shorten@start@additional=\dimen188
)
(/Applications/TeXLive/Library/texlive/2017/texmf-dist/tex/generic/pgf/basiclay
er/pgfcorescopes.code.tex
File: pgfcorescopes.code.tex 2015/05/08  (rcs-revision 1.46)
\pgfpic=\box54
\pgf@hbox=\box55
\pgf@layerbox@main=\box56
\pgf@picture@serial@count=\count122
)
(/Applications/TeXLive/Library/texlive/2017/texmf-dist/tex/generic/pgf/basiclay
er/pgfcoregraphicstate.code.tex
File: pgfcoregraphicstate.code.tex 2014/11/02  (rcs-revision 1.12)
\pgflinewidth=\dimen189
)
(/Applications/TeXLive/Library/texlive/2017/texmf-dist/tex/generic/pgf/basiclay
er/pgfcoretransformations.code.tex
File: pgfcoretransformations.code.tex 2015/08/07  (rcs-revision 1.20)
\pgf@pt@x=\dimen190
\pgf@pt@y=\dimen191
\pgf@pt@temp=\dimen192
)
(/Applications/TeXLive/Library/texlive/2017/texmf-dist/tex/generic/pgf/basiclay
er/pgfcorequick.code.tex
File: pgfcorequick.code.tex 2008/10/09  (rcs-revision 1.3)
)
(/Applications/TeXLive/Library/texlive/2017/texmf-dist/tex/generic/pgf/basiclay
er/pgfcoreobjects.code.tex
File: pgfcoreobjects.code.tex 2006/10/11  (rcs-revision 1.2)
)
(/Applications/TeXLive/Library/texlive/2017/texmf-dist/tex/generic/pgf/basiclay
er/pgfcorepathprocessing.code.tex
File: pgfcorepathprocessing.code.tex 2013/09/09  (rcs-revision 1.9)
)
(/Applications/TeXLive/Library/texlive/2017/texmf-dist/tex/generic/pgf/basiclay
er/pgfcorearrows.code.tex
File: pgfcorearrows.code.tex 2015/05/14  (rcs-revision 1.43)
\pgfarrowsep=\dimen193
)
(/Applications/TeXLive/Library/texlive/2017/texmf-dist/tex/generic/pgf/basiclay
er/pgfcoreshade.code.tex
File: pgfcoreshade.code.tex 2013/07/15  (rcs-revision 1.15)
\pgf@max=\dimen194
\pgf@sys@shading@range@num=\count123
)
(/Applications/TeXLive/Library/texlive/2017/texmf-dist/tex/generic/pgf/basiclay
er/pgfcoreimage.code.tex
File: pgfcoreimage.code.tex 2013/07/15  (rcs-revision 1.18)

(/Applications/TeXLive/Library/texlive/2017/texmf-dist/tex/generic/pgf/basiclay
er/pgfcoreexternal.code.tex
File: pgfcoreexternal.code.tex 2014/07/09  (rcs-revision 1.21)
\pgfexternal@startupbox=\box57
))
(/Applications/TeXLive/Library/texlive/2017/texmf-dist/tex/generic/pgf/basiclay
er/pgfcorelayers.code.tex
File: pgfcorelayers.code.tex 2013/07/18  (rcs-revision 1.7)
)
(/Applications/TeXLive/Library/texlive/2017/texmf-dist/tex/generic/pgf/basiclay
er/pgfcoretransparency.code.tex
File: pgfcoretransparency.code.tex 2013/09/30  (rcs-revision 1.5)
)
(/Applications/TeXLive/Library/texlive/2017/texmf-dist/tex/generic/pgf/basiclay
er/pgfcorepatterns.code.tex
File: pgfcorepatterns.code.tex 2013/11/07  (rcs-revision 1.5)
)))
(/Applications/TeXLive/Library/texlive/2017/texmf-dist/tex/generic/pgf/modules/
pgfmoduleshapes.code.tex
File: pgfmoduleshapes.code.tex 2014/03/21  (rcs-revision 1.35)
\pgfnodeparttextbox=\box58
)
(/Applications/TeXLive/Library/texlive/2017/texmf-dist/tex/generic/pgf/modules/
pgfmoduleplot.code.tex
File: pgfmoduleplot.code.tex 2015/08/03  (rcs-revision 1.13)
)
(/Applications/TeXLive/Library/texlive/2017/texmf-dist/tex/latex/pgf/compatibil
ity/pgfcomp-version-0-65.sty
Package: pgfcomp-version-0-65 2007/07/03 v3.0.1a (rcs-revision 1.7)
\pgf@nodesepstart=\dimen195
\pgf@nodesepend=\dimen196
)
(/Applications/TeXLive/Library/texlive/2017/texmf-dist/tex/latex/pgf/compatibil
ity/pgfcomp-version-1-18.sty
Package: pgfcomp-version-1-18 2007/07/23 v3.0.1a (rcs-revision 1.1)
)))
Package trimclip Info: No clipping driver 'tc-dvipdfmx.def' available.
(trimclip)             Using fall-back PGF driver.
)
\adjbox@Width=\dimen197
\adjbox@Height=\dimen198
\adjbox@Depth=\dimen199
\adjbox@Totalheight=\dimen256

(/Applications/TeXLive/Library/texlive/2017/texmf-dist/tex/latex/ifoddpage/ifod
dpage.sty
Package: ifoddpage 2016/04/23 v1.1 Conditionals for odd/even page detection
\c@checkoddpage=\count124
)
(/Applications/TeXLive/Library/texlive/2017/texmf-dist/tex/latex/varwidth/varwi
dth.sty
Package: varwidth 2009/03/30 ver 0.92;  Variable-width minipages
\@vwid@box=\box59
\sift@deathcycles=\count125
\@vwid@loff=\dimen257
\@vwid@roff=\dimen258
))
(/Applications/TeXLive/Library/texlive/2017/texmf-dist/tex/latex/hyperref/hyper
ref.sty
Package: hyperref 2017/03/14 v6.85a Hypertext links for LaTeX

(/Applications/TeXLive/Library/texlive/2017/texmf-dist/tex/generic/oberdiek/hob
sub-hyperref.sty
Package: hobsub-hyperref 2016/05/16 v1.14 Bundle oberdiek, subset hyperref (HO)


(/Applications/TeXLive/Library/texlive/2017/texmf-dist/tex/generic/oberdiek/hob
sub-generic.sty
Package: hobsub-generic 2016/05/16 v1.14 Bundle oberdiek, subset generic (HO)
Package: hobsub 2016/05/16 v1.14 Construct package bundles (HO)
Package: infwarerr 2016/05/16 v1.4 Providing info/warning/error messages (HO)
Package: ltxcmds 2016/05/16 v1.23 LaTeX kernel commands for general use (HO)
Package: ifluatex 2016/05/16 v1.4 Provides the ifluatex switch (HO)
Package ifluatex Info: LuaTeX not detected.
Package hobsub Info: Skipping package `ifvtex' (already loaded).
Package: intcalc 2016/05/16 v1.2 Expandable calculations with integers (HO)
Package hobsub Info: Skipping package `ifpdf' (already loaded).
Package: etexcmds 2016/05/16 v1.6 Avoid name clashes with e-TeX commands (HO)
Package etexcmds Info: Could not find \expanded.
(etexcmds)             That can mean that you are not using pdfTeX 1.50 or
(etexcmds)             that some package has redefined \expanded.
(etexcmds)             In the latter case, load this package earlier.
Package: kvsetkeys 2016/05/16 v1.17 Key value parser (HO)
Package: kvdefinekeys 2016/05/16 v1.4 Define keys (HO)
Package: pdftexcmds 2018/01/21 v0.26 Utility functions of pdfTeX for LuaTeX (HO
)
Package pdftexcmds Info: LuaTeX not detected.
Package pdftexcmds Info: pdfTeX >= 1.30 not detected.
Package pdftexcmds Info: \pdf@primitive is available.
Package pdftexcmds Info: \pdf@ifprimitive is available.
Package pdftexcmds Info: \pdfdraftmode not found.
Package: pdfescape 2016/05/16 v1.14 Implements pdfTeX's escape features (HO)
Package: bigintcalc 2016/05/16 v1.4 Expandable calculations on big integers (HO
)
Package: bitset 2016/05/16 v1.2 Handle bit-vector datatype (HO)
Package: uniquecounter 2016/05/16 v1.3 Provide unlimited unique counter (HO)
)
Package hobsub Info: Skipping package `hobsub' (already loaded).
Package: letltxmacro 2016/05/16 v1.5 Let assignment for LaTeX macros (HO)
Package: hopatch 2016/05/16 v1.3 Wrapper for package hooks (HO)
Package: xcolor-patch 2016/05/16 xcolor patch
Package: atveryend 2016/05/16 v1.9 Hooks at the very end of document (HO)
Package atveryend Info: \enddocument detected (standard20110627).
Package: atbegshi 2016/06/09 v1.18 At begin shipout hook (HO)
Package: refcount 2016/05/16 v3.5 Data extraction from label references (HO)
Package: hycolor 2016/05/16 v1.8 Color options for hyperref/bookmark (HO)
)
(/Applications/TeXLive/Library/texlive/2017/texmf-dist/tex/latex/oberdiek/auxho
ok.sty
Package: auxhook 2016/05/16 v1.4 Hooks for auxiliary files (HO)
)
(/Applications/TeXLive/Library/texlive/2017/texmf-dist/tex/latex/oberdiek/kvopt
ions.sty
Package: kvoptions 2016/05/16 v3.12 Key value format for package options (HO)
)
\@linkdim=\dimen259
\Hy@linkcounter=\count126
\Hy@pagecounter=\count127

(/Applications/TeXLive/Library/texlive/2017/texmf-dist/tex/latex/hyperref/pd1en
c.def
File: pd1enc.def 2017/03/14 v6.85a Hyperref: PDFDocEncoding definition (HO)
)
\Hy@SavedSpaceFactor=\count128

(/Applications/TeXLive/Library/texlive/2017/texmf-dist/tex/latex/latexconfig/hy
perref.cfg
File: hyperref.cfg 2002/06/06 v1.2 hyperref configuration of TeXLive
)
Package hyperref Info: Option `colorlinks' set `true' on input line 4374.
Package hyperref Info: Option `bookmarks' set `true' on input line 4374.
Package hyperref Info: Option `bookmarksnumbered' set `true' on input line 4374
.
Package hyperref Info: Option `linktocpage' set `true' on input line 4374.
Package hyperref Info: Hyper figures OFF on input line 4498.
Package hyperref Info: Link nesting OFF on input line 4503.
Package hyperref Info: Hyper index ON on input line 4506.
Package hyperref Info: Plain pages OFF on input line 4513.
Package hyperref Info: Backreferencing OFF on input line 4518.
Package hyperref Info: Implicit mode ON; LaTeX internals redefined.
Package hyperref Info: Bookmarks ON on input line 4751.
\c@Hy@tempcnt=\count129

(/Applications/TeXLive/Library/texlive/2017/texmf-dist/tex/latex/url/url.sty
\Urlmuskip=\muskip14
Package: url 2013/09/16  ver 3.4  Verb mode for urls, etc.
)
LaTeX Info: Redefining \url on input line 5104.
\XeTeXLinkMargin=\dimen260
\Fld@menulength=\count130
\Field@Width=\dimen261
\Fld@charsize=\dimen262
Package hyperref Info: Hyper figures OFF on input line 6358.
Package hyperref Info: Link nesting OFF on input line 6363.
Package hyperref Info: Hyper index ON on input line 6366.
Package hyperref Info: backreferencing OFF on input line 6373.
Package hyperref Info: Link coloring ON on input line 6376.
Package hyperref Info: Link coloring with OCG OFF on input line 6383.
Package hyperref Info: PDF/A mode OFF on input line 6388.
LaTeX Info: Redefining \ref on input line 6428.
LaTeX Info: Redefining \pageref on input line 6432.
\Hy@abspage=\count131
\c@Item=\count132
\c@Hfootnote=\count133
)

Package hyperref Message: Driver: hdvipdfm.


(/Applications/TeXLive/Library/texlive/2017/texmf-dist/tex/latex/hyperref/hdvip
dfm.def
File: hdvipdfm.def 2017/03/14 v6.85a Hyperref driver for dvipdfm
\pdfm@box=\box60
\c@Hy@AnnotLevel=\count134
\HyField@AnnotCount=\count135
\Fld@listcount=\count136
\c@bookmark@seq@number=\count137

(/Applications/TeXLive/Library/texlive/2017/texmf-dist/tex/latex/oberdiek/rerun
filecheck.sty
Package: rerunfilecheck 2016/05/16 v1.8 Rerun checks for auxiliary files (HO)
Package uniquecounter Info: New unique counter `rerunfilecheck' on input line 2
82.
)
\Hy@SectionHShift=\skip52
)
(/Applications/TeXLive/Library/texlive/2017/texmf-dist/tex/platex/pxjahyper/pxj
ahyper.sty
Package: pxjahyper 2018/01/25 v0.3c
)
(/Applications/TeXLive/Library/texlive/2017/texmf-dist/tex/latex/ntheorem/ntheo
rem.sty
Style `ntheorem', Version 1.33 <2011/08/15>
Package: ntheorem 2011/08/15 1.33

(/Applications/TeXLive/Library/texlive/2017/texmf-dist/tex/latex/base/ifthen.st
y
Package: ifthen 2014/09/29 v1.1c Standard LaTeX ifthen package (DPC)
)
\theorem@style=\toks43
\theorem@@style=\toks44
\theorembodyfont=\toks45
\theoremnumbering=\toks46
\theorempreskipamount=\skip53
\theorempostskipamount=\skip54
\theoremframepreskipamount=\skip55
\theoremframepostskipamount=\skip56
\theoreminframepreskipamount=\skip57
\theoreminframepostskipamount=\skip58
\theorem@preskip=\toks47
\theorem@postskip=\toks48
\theorem@framepreskip=\toks49
\theorem@framepostskip=\toks50
\theorem@inframepreskip=\toks51
\theorem@inframepostskip=\toks52
\theoremindent=\dimen263
\theorem@indent=\dimen264
\theoremrightindent=\dimen265
\theorem@rightindent=\dimen266
\theoremheaderfont=\toks53
\theoremseparator=\toks54
\theoremprework=\toks55
\theorempostwork=\toks56
\theoremsymbol=\toks57
\qedsymbol=\toks58
\theoremkeyword=\toks59
\qedsymbol=\toks60
\thm@topsep=\skip59
\thm@topsepadd=\skip60
Package ntheorem Info: Option `thmmarks' loaded on input line 1175.
\c@endNonectr=\count138
\c@currNonectr=\count139
\mysavskip=\skip61
Package ntheorem Info: Option `thref' loaded on input line 1175.
\mysavskip=\skip62
Package ntheorem Info: option `amsmath' handling for `thref' loaded on input li
ne 1175.
Package ntheorem Info: option `amsmath' handling for `thmmarks' loaded on input
 line 1175.
\thm@amstmpdepth=\dimen267
\tagwidth=\dimen268
)
(/Applications/TeXLive/Library/texlive/2017/texmf-dist/tex/latex/mdframed/mdfra
med.sty
Package: mdframed 2013/07/01 1.9b: mdframed

(/Applications/TeXLive/Library/texlive/2017/texmf-dist/tex/latex/l3packages/xpa
rse/xparse.sty
(/Applications/TeXLive/Library/texlive/2017/texmf-dist/tex/latex/l3kernel/expl3
.sty
Package: expl3 2017/12/16 L3 programming layer (loader) 

(/Applications/TeXLive/Library/texlive/2017/texmf-dist/tex/latex/l3kernel/expl3
-code.tex
Package: expl3 2017/12/16 L3 programming layer (code)
\c_max_int=\count140
\l_tmpa_int=\count141
\l_tmpb_int=\count142
\g_tmpa_int=\count143
\g_tmpb_int=\count144
\g__intarray_font_int=\count145
\g__prg_map_int=\count146
\c_log_iow=\count147
\l_iow_line_count_int=\count148
\l__iow_line_target_int=\count149
\l__iow_one_indent_int=\count150
\l__iow_indent_int=\count151
\c_zero_dim=\dimen269
\c_max_dim=\dimen270
\l_tmpa_dim=\dimen271
\l_tmpb_dim=\dimen272
\g_tmpa_dim=\dimen273
\g_tmpb_dim=\dimen274
\c_zero_skip=\skip63
\c_max_skip=\skip64
\l_tmpa_skip=\skip65
\l_tmpb_skip=\skip66
\g_tmpa_skip=\skip67
\g_tmpb_skip=\skip68
\c_zero_muskip=\muskip15
\c_max_muskip=\muskip16
\l_tmpa_muskip=\muskip17
\l_tmpb_muskip=\muskip18
\g_tmpa_muskip=\muskip19
\g_tmpb_muskip=\muskip20
\l_keys_choice_int=\count152
\c__fp_leading_shift_int=\count153
\c__fp_middle_shift_int=\count154
\c__fp_trailing_shift_int=\count155
\c__fp_big_leading_shift_int=\count156
\c__fp_big_middle_shift_int=\count157
\c__fp_big_trailing_shift_int=\count158
\c__fp_Bigg_leading_shift_int=\count159
\c__fp_Bigg_middle_shift_int=\count160
\c__fp_Bigg_trailing_shift_int=\count161
\c__fp_rand_size_int=\count162
\c__fp_rand_four_int=\count163
\c__fp_rand_eight_int=\count164
\l__sort_length_int=\count165
\l__sort_min_int=\count166
\l__sort_top_int=\count167
\l__sort_max_int=\count168
\l__sort_true_max_int=\count169
\l__sort_block_int=\count170
\l__sort_begin_int=\count171
\l__sort_end_int=\count172
\l__sort_A_int=\count173
\l__sort_B_int=\count174
\l__sort_C_int=\count175
\l__tl_build_start_index_int=\count176
\l__tl_build_index_int=\count177
\l__tl_analysis_normal_int=\count178
\l__tl_analysis_index_int=\count179
\l__tl_analysis_nesting_int=\count180
\l__tl_analysis_type_int=\count181
\l__regex_internal_a_int=\count182
\l__regex_internal_b_int=\count183
\l__regex_internal_c_int=\count184
\l__regex_balance_int=\count185
\l__regex_group_level_int=\count186
\l__regex_mode_int=\count187
\c__regex_cs_in_class_mode_int=\count188
\c__regex_cs_mode_int=\count189
\l__regex_catcodes_int=\count190
\l__regex_default_catcodes_int=\count191
\c__regex_catcode_D_int=\count192
\c__regex_catcode_S_int=\count193
\c__regex_catcode_L_int=\count194
\c__regex_catcode_O_int=\count195
\c__regex_catcode_A_int=\count196
\c__regex_all_catcodes_int=\count197
\l__regex_show_lines_int=\count198
\l__regex_min_state_int=\count199
\l__regex_max_state_int=\count266
\l__regex_left_state_int=\count267
\l__regex_right_state_int=\count268
\l__regex_capturing_group_int=\count269
\l__regex_min_pos_int=\count270
\l__regex_max_pos_int=\count271
\l__regex_curr_pos_int=\count272
\l__regex_start_pos_int=\count273
\l__regex_success_pos_int=\count274
\l__regex_curr_char_int=\count275
\l__regex_curr_catcode_int=\count276
\l__regex_last_char_int=\count277
\l__regex_case_changed_char_int=\count278
\l__regex_curr_state_int=\count279
\l__regex_step_int=\count280
\l__regex_min_active_int=\count281
\l__regex_max_active_int=\count282
\l__regex_replacement_csnames_int=\count283
\l__regex_match_count_int=\count284
\l__regex_min_submatch_int=\count285
\l__regex_submatch_int=\count286
\l__regex_zeroth_submatch_int=\count287
\g__debug_trace_regex_int=\count288
\c_empty_box=\box61
\l_tmpa_box=\box62
\l_tmpb_box=\box63
\g_tmpa_box=\box64
\g_tmpb_box=\box65
\l__box_top_dim=\dimen275
\l__box_bottom_dim=\dimen276
\l__box_left_dim=\dimen277
\l__box_right_dim=\dimen278
\l__box_top_new_dim=\dimen279
\l__box_bottom_new_dim=\dimen280
\l__box_left_new_dim=\dimen281
\l__box_right_new_dim=\dimen282
\l__box_internal_box=\box66
\l__coffin_internal_box=\box67
\l__coffin_internal_dim=\dimen283
\l__coffin_offset_x_dim=\dimen284
\l__coffin_offset_y_dim=\dimen285
\l__coffin_x_dim=\dimen286
\l__coffin_y_dim=\dimen287
\l__coffin_x_prime_dim=\dimen288
\l__coffin_y_prime_dim=\dimen289
\c_empty_coffin=\box68
\l__coffin_aligned_coffin=\box69
\l__coffin_aligned_internal_coffin=\box70
\l_tmpa_coffin=\box71
\l_tmpb_coffin=\box72
\l__coffin_display_coffin=\box73
\l__coffin_display_coord_coffin=\box74
\l__coffin_display_pole_coffin=\box75
\l__coffin_display_offset_dim=\dimen290
\l__coffin_display_x_dim=\dimen291
\l__coffin_display_y_dim=\dimen292
\l__coffin_bounding_shift_dim=\dimen293
\l__coffin_left_corner_dim=\dimen294
\l__coffin_right_corner_dim=\dimen295
\l__coffin_bottom_corner_dim=\dimen296
\l__coffin_top_corner_dim=\dimen297
\l__coffin_scaled_total_height_dim=\dimen298
\l__coffin_scaled_width_dim=\dimen299
)
(/Applications/TeXLive/Library/texlive/2017/texmf-dist/tex/latex/l3kernel/l3dvi
pdfmx.def
File: l3dvidpfmx.def 2017/03/18 v L3 Experimental driver: dvipdfmx
\g__driver_image_int=\count289
\l__driver_tmp_box=\box76
))
Package: xparse 2017/12/16 L3 Experimental document command parser
\l__xparse_current_arg_int=\count290
\g__xparse_grabber_int=\count291
\l__xparse_m_args_int=\count292
\l__xparse_mandatory_args_int=\count293
\l__xparse_v_nesting_int=\count294
)
(/Applications/TeXLive/Library/texlive/2017/texmf-dist/tex/latex/etoolbox/etool
box.sty
Package: etoolbox 2017/11/22 v2.5 e-TeX tools for LaTeX (JAW)
\etb@tempcnta=\count295
)
(/Applications/TeXLive/Library/texlive/2017/texmf-dist/tex/latex/oberdiek/zref-
abspage.sty
Package: zref-abspage 2016/05/21 v2.26 Module abspage for zref (HO)

(/Applications/TeXLive/Library/texlive/2017/texmf-dist/tex/latex/oberdiek/zref-
base.sty
Package: zref-base 2016/05/21 v2.26 Module base for zref (HO)
Package zref Info: New property list: main on input line 759.
Package zref Info: New property: default on input line 760.
Package zref Info: New property: page on input line 761.
)
\c@abspage=\count296
Package zref Info: New property: abspage on input line 62.
)
(/Applications/TeXLive/Library/texlive/2017/texmf-dist/tex/latex/needspace/need
space.sty
Package: needspace 2010/09/12 v1.3d reserve vertical space
)
\mdf@templength=\skip69
\c@mdf@globalstyle@cnt=\count297
\mdf@skipabove@length=\skip70
\mdf@skipbelow@length=\skip71
\mdf@leftmargin@length=\skip72
\mdf@rightmargin@length=\skip73
\mdf@innerleftmargin@length=\skip74
\mdf@innerrightmargin@length=\skip75
\mdf@innertopmargin@length=\skip76
\mdf@innerbottommargin@length=\skip77
\mdf@splittopskip@length=\skip78
\mdf@splitbottomskip@length=\skip79
\mdf@outermargin@length=\skip80
\mdf@innermargin@length=\skip81
\mdf@linewidth@length=\skip82
\mdf@innerlinewidth@length=\skip83
\mdf@middlelinewidth@length=\skip84
\mdf@outerlinewidth@length=\skip85
\mdf@roundcorner@length=\skip86
\mdf@footenotedistance@length=\skip87
\mdf@userdefinedwidth@length=\skip88
\mdf@needspace@length=\skip89
\mdf@frametitleaboveskip@length=\skip90
\mdf@frametitlebelowskip@length=\skip91
\mdf@frametitlerulewidth@length=\skip92
\mdf@frametitleleftmargin@length=\skip93
\mdf@frametitlerightmargin@length=\skip94
\mdf@shadowsize@length=\skip95
\mdf@extratopheight@length=\skip96
\mdf@subtitleabovelinewidth@length=\skip97
\mdf@subtitlebelowlinewidth@length=\skip98
\mdf@subtitleaboveskip@length=\skip99
\mdf@subtitlebelowskip@length=\skip100
\mdf@subtitleinneraboveskip@length=\skip101
\mdf@subtitleinnerbelowskip@length=\skip102
\mdf@subsubtitleabovelinewidth@length=\skip103
\mdf@subsubtitlebelowlinewidth@length=\skip104
\mdf@subsubtitleaboveskip@length=\skip105
\mdf@subsubtitlebelowskip@length=\skip106
\mdf@subsubtitleinneraboveskip@length=\skip107
\mdf@subsubtitleinnerbelowskip@length=\skip108

(/Applications/TeXLive/Library/texlive/2017/texmf-dist/tex/latex/mdframed/md-fr
ame-0.mdf
File: md-frame-0.mdf 2013/07/01\ 1.9b: md-frame-0
)
\mdf@frametitlebox=\box77
\mdf@footnotebox=\box78
\mdf@splitbox@one=\box79
\mdf@splitbox@two=\box80
\mdf@splitbox@save=\box81
\mdfsplitboxwidth=\skip109
\mdfsplitboxtotalwidth=\skip110
\mdfsplitboxheight=\skip111
\mdfsplitboxdepth=\skip112
\mdfsplitboxtotalheight=\skip113
\mdfframetitleboxwidth=\skip114
\mdfframetitleboxtotalwidth=\skip115
\mdfframetitleboxheight=\skip116
\mdfframetitleboxdepth=\skip117
\mdfframetitleboxtotalheight=\skip118
\mdffootnoteboxwidth=\skip119
\mdffootnoteboxtotalwidth=\skip120
\mdffootnoteboxheight=\skip121
\mdffootnoteboxdepth=\skip122
\mdffootnoteboxtotalheight=\skip123
\mdftotallinewidth=\skip124
\mdfboundingboxwidth=\skip125
\mdfboundingboxtotalwidth=\skip126
\mdfboundingboxheight=\skip127
\mdfboundingboxdepth=\skip128
\mdfboundingboxtotalheight=\skip129
\mdf@freevspace@length=\skip130
\mdf@horizontalwidthofbox@length=\skip131
\mdf@verticalmarginwhole@length=\skip132
\mdf@horizontalspaceofbox=\skip133
\mdfsubtitleheight=\skip134
\mdfsubsubtitleheight=\skip135
\c@mdfcountframes=\count298

****** mdframed patching \endmdf@trivlist

****** -- failed******

.................................................
. LaTeX info: "xparse/define-command"
. 
. Defining command \newmdtheoremenv with sig. 'O{} m o m o ' on line 601.
.................................................
.................................................
. LaTeX info: "xparse/define-command"
. 
. Defining command \mdtheorem with sig. ' O{} m o m o ' on line 701.
.................................................
\mdf@envdepth=\count299
\c@mdf@env@i=\count300
\c@mdf@env@ii=\count301
\c@mdf@zref@counter=\count302
Package zref Info: New property: mdf@pagevalue on input line 895.
)
\c@currprinciplectr=\count303
\c@endprinciplectr=\count304
\c@principle=\count305
\c@currassumptionctr=\count306
\c@endassumptionctr=\count307
\c@assumption=\count308
\c@currdefinitionctr=\count309
\c@enddefinitionctr=\count310
\c@definition=\count311
\c@currformulactr=\count312
\c@endformulactr=\count313
\c@formula=\count314
\c@currtheoremctr=\count315
\c@endtheoremctr=\count316
\c@currexamplectr=\count317
\c@endexamplectr=\count318
\c@example=\count319
\c@currobjectctr=\count320
\c@endobjectctr=\count321
\c@object=\count322
\c@currunclearctr=\count323
\c@endunclearctr=\count324
\c@unclear=\count325
 (./notes.aux)
\openout1 = `notes.aux'.

LaTeX Font Info:    Checking defaults for OML/cmm/m/it on input line 221.
LaTeX Font Info:    ... okay on input line 221.
LaTeX Font Info:    Checking defaults for T1/cmr/m/n on input line 221.
LaTeX Font Info:    ... okay on input line 221.
LaTeX Font Info:    Checking defaults for OT1/cmr/m/n on input line 221.
LaTeX Font Info:    ... okay on input line 221.
LaTeX Font Info:    Checking defaults for OMS/cmsy/m/n on input line 221.
LaTeX Font Info:    ... okay on input line 221.
LaTeX Font Info:    Checking defaults for OMX/cmex/m/n on input line 221.
LaTeX Font Info:    ... okay on input line 221.
LaTeX Font Info:    Checking defaults for U/cmr/m/n on input line 221.
LaTeX Font Info:    ... okay on input line 221.
LaTeX Font Info:    Checking defaults for JY1/mc/m/n on input line 221.
LaTeX Font Info:    ... okay on input line 221.
LaTeX Font Info:    Checking defaults for JT1/mc/m/n on input line 221.
LaTeX Font Info:    ... okay on input line 221.
LaTeX Font Info:    Checking defaults for PD1/pdf/m/n on input line 221.
LaTeX Font Info:    ... okay on input line 221.

*geometry* driver: auto-detecting
*geometry* detected driver: dvips
*geometry* verbose mode - [ preamble ] result:
* driver: dvips
* paper: a4paper
* layout: <same size as paper>
* layoutoffset:(h,v)=(0.0pt,0.0pt)
* modes: 
* h-part:(L,W,R)=(65.6833pt, 466.14127pt, 65.6833pt)
* v-part:(T,H,B)=(83.62823pt, 635.97621pt, 125.4424pt)
* \paperwidth=654.26651pt
* \paperheight=925.30975pt
* \textwidth=466.14127pt
* \textheight=635.97621pt
* \oddsidemargin=-6.58669pt
* \evensidemargin=-6.58669pt
* \topmargin=-21.86989pt
* \headheight=20.0pt
* \headsep=13.22813pt
* \topskip=12.76073pt
* \footskip=25.98886pt
* \marginparwidth=18.49374pt
* \marginparsep=18.49374pt
* \columnsep=18.49374pt
* \skip\footins=16.0pt plus 5.0pt minus 2.0pt
* \hoffset=6.27573pt
* \voffset=6.27573pt
* \mag=1095
* \@twocolumnfalse
* \@twosidefalse
* \@mparswitchfalse
* \@reversemarginfalse
* (1in=72.27pt=25.4mm, 1cm=28.453pt)

ABD: EveryShipout initializing macros
\AtBeginShipoutBox=\box82
Package hyperref Info: Link coloring ON on input line 221.

(/Applications/TeXLive/Library/texlive/2017/texmf-dist/tex/latex/hyperref/namer
ef.sty
Package: nameref 2016/05/21 v2.44 Cross-referencing by name of section

(/Applications/TeXLive/Library/texlive/2017/texmf-dist/tex/generic/oberdiek/get
titlestring.sty
Package: gettitlestring 2016/05/16 v1.5 Cleanup title references (HO)
)
\c@section@level=\count326
)
LaTeX Info: Redefining \ref on input line 221.
LaTeX Info: Redefining \pageref on input line 221.
LaTeX Info: Redefining \nameref on input line 221.
 (./notes.out) (./notes.out)
\@outlinefile=\write4
\openout4 = `notes.out'.

LaTeX Font Info:    Font shape `JT1/gt/m/n' will be
(Font)              scaled to size 9.60999pt on input line 915.
LaTeX Font Info:    Font shape `JY1/gt/m/n' will be
(Font)              scaled to size 9.60999pt on input line 915.
LaTeX Font Info:    Font shape `JY1/mc/m/n' will be
(Font)              scaled to size 6.72699pt on input line 917.
LaTeX Font Info:    Font shape `JY1/mc/m/n' will be
(Font)              scaled to size 4.805pt on input line 917.
LaTeX Font Info:    Try loading font information for U+msa on input line 917.

(/Applications/TeXLive/Library/texlive/2017/texmf-dist/tex/latex/amsfonts/umsa.
fd
File: umsa.fd 2013/01/14 v3.01 AMS symbols A
)
LaTeX Font Info:    Try loading font information for U+msb on input line 917.

(/Applications/TeXLive/Library/texlive/2017/texmf-dist/tex/latex/amsfonts/umsb.
fd
File: umsb.fd 2013/01/14 v3.01 AMS symbols B
)
LaTeX Font Info:    Font shape `JY1/gt/m/n' will be
(Font)              scaled to size 6.72699pt on input line 917.
LaTeX Font Info:    Font shape `JY1/gt/m/n' will be
(Font)              scaled to size 4.805pt on input line 917.
LaTeX Font Info:    Font shape `JT1/mc/m/n' will be
(Font)              scaled to size 6.72699pt on input line 917.
LaTeX Font Info:    Font shape `JY1/mc/m/n' will be
(Font)              scaled to size 5.76599pt on input line 917.
LaTeX Font Info:    Font shape `JY1/gt/m/n' will be
(Font)              scaled to size 7.68799pt on input line 917.
LaTeX Font Info:    Font shape `JY1/gt/m/n' will be
(Font)              scaled to size 5.76599pt on input line 917.
LaTeX Font Info:    Font shape `JT1/mc/m/n' will be
(Font)              scaled to size 5.76599pt on input line 917.
LaTeX Font Info:    Font shape `JT1/mc/bx/n' in size <8> not available
(Font)              Font shape `JT1/gt/m/n' tried instead on input line 917.
LaTeX Font Info:    Font shape `JT1/gt/m/n' will be
(Font)              scaled to size 7.68799pt on input line 917.
LaTeX Font Info:    Font shape `JY1/mc/bx/n' in size <8> not available
(Font)              Font shape `JY1/gt/m/n' tried instead on input line 917.
LaTeX Font Info:    Font shape `JY1/gt/m/n' will be
(Font)              scaled to size 7.68799pt on input line 917.
Missing character: There is no ^^e2 in font cmr10!
Missing character: There is no ^^80 in font cmr10!
Missing character: There is no ^^a2 in font cmr10!
Missing character: There is no ^^e2 in font cmr10!
Missing character: There is no ^^80 in font cmr10!
Missing character: There is no ^^a2 in font cmr10!
Missing character: There is no ^^e2 in font cmr10!
Missing character: There is no ^^80 in font cmr10!
Missing character: There is no ^^a2 in font cmr10!
Missing character: There is no ^^e2 in font cmr10!
Missing character: There is no ^^80 in font cmr10!
Missing character: There is no ^^a2 in font cmr10!
 [1

]
Missing character: There is no ^^e2 in font cmr10!
Missing character: There is no ^^80 in font cmr10!
Missing character: There is no ^^a2 in font cmr10!
LaTeX Font Info:    Font shape `JT1/mc/bx/n' in size <10> not available
(Font)              Font shape `JT1/gt/m/n' tried instead on input line 970.
LaTeX Font Info:    Font shape `JT1/gt/m/n' will be
(Font)              scaled to size 9.60999pt on input line 970.
LaTeX Font Info:    Font shape `JY1/mc/bx/n' in size <10> not available
(Font)              Font shape `JY1/gt/m/n' tried instead on input line 970.
LaTeX Font Info:    Font shape `JY1/gt/m/n' will be
(Font)              scaled to size 9.60999pt on input line 970.
Missing character: There is no ^^e2 in font cmr10!
Missing character: There is no ^^80 in font cmr10!
Missing character: There is no ^^a2 in font cmr10!
 [2]
LaTeX Font Info:    Font shape `JT1/mc/m/n' will be
(Font)              scaled to size 13.83836pt on input line 1166.
LaTeX Font Info:    Font shape `JY1/mc/m/n' will be
(Font)              scaled to size 13.83836pt on input line 1166.
LaTeX Font Info:    Font shape `JT1/gt/m/n' will be
(Font)              scaled to size 13.83836pt on input line 1166.
LaTeX Font Info:    Font shape `JY1/gt/m/n' will be
(Font)              scaled to size 13.83836pt on input line 1166.
Missing character: There is no ^^e2 in font cmr10!
Missing character: There is no ^^80 in font cmr10!
Missing character: There is no ^^a2 in font cmr10!
 [3]
Missing character: There is no ^^e2 in font cmr10!
Missing character: There is no ^^80 in font cmr10!
Missing character: There is no ^^a2 in font cmr10!
 [4]
Missing character: There is no ^^e2 in font cmr10!
Missing character: There is no ^^80 in font cmr10!
Missing character: There is no ^^a2 in font cmr10!
Missing character: There is no ^^e2 in font cmr10!
Missing character: There is no ^^80 in font cmr10!
Missing character: There is no ^^a2 in font cmr10!
Missing character: There is no ^^e2 in font cmr10!
Missing character: There is no ^^80 in font cmr10!
Missing character: There is no ^^a2 in font cmr10!
Missing character: There is no ^^e2 in font cmr10!
Missing character: There is no ^^80 in font cmr10!
Missing character: There is no ^^a2 in font cmr10!
Missing character: There is no ^^e2 in font cmr10!
Missing character: There is no ^^80 in font cmr10!
Missing character: There is no ^^a2 in font cmr10!
Missing character: There is no ^^e2 in font cmr10!
Missing character: There is no ^^80 in font cmr10!
Missing character: There is no ^^a2 in font cmr10!
Missing character: There is no ^^e2 in font cmr10!
Missing character: There is no ^^80 in font cmr10!
Missing character: There is no ^^a2 in font cmr10!
Missing character: There is no ^^e2 in font cmr10!
Missing character: There is no ^^80 in font cmr10!
Missing character: There is no ^^a2 in font cmr10!
Missing character: There is no ^^e2 in font cmr10!
Missing character: There is no ^^80 in font cmr10!
Missing character: There is no ^^a2 in font cmr10!
 [5]
Missing character: There is no ^^e2 in font cmr10!
Missing character: There is no ^^80 in font cmr10!
Missing character: There is no ^^a2 in font cmr10!
Missing character: There is no ^^e2 in font cmr10!
Missing character: There is no ^^80 in font cmr10!
Missing character: There is no ^^a2 in font cmr10!
Missing character: There is no ^^e2 in font cmr10!
Missing character: There is no ^^80 in font cmr10!
Missing character: There is no ^^a2 in font cmr10!
Missing character: There is no ^^e2 in font cmr10!
Missing character: There is no ^^80 in font cmr10!
Missing character: There is no ^^a2 in font cmr10!
Missing character: There is no ^^e2 in font cmr10!
Missing character: There is no ^^80 in font cmr10!
Missing character: There is no ^^a2 in font cmr10!
 [6]
Missing character: There is no ^^e2 in font cmr10!
Missing character: There is no ^^80 in font cmr10!
Missing character: There is no ^^a2 in font cmr10!
Missing character: There is no ^^e2 in font cmr10!
Missing character: There is no ^^80 in font cmr10!
Missing character: There is no ^^a2 in font cmr10!
Missing character: There is no ^^e2 in font cmr10!
Missing character: There is no ^^80 in font cmr10!
Missing character: There is no ^^a2 in font cmr10!
Missing character: There is no ^^e2 in font cmr10!
Missing character: There is no ^^80 in font cmr10!
Missing character: There is no ^^a2 in font cmr10!
 [7]
Missing character: There is no ^^e2 in font cmr10!
Missing character: There is no ^^80 in font cmr10!
Missing character: There is no ^^a2 in font cmr10!
Missing character: There is no ^^e2 in font cmr10!
Missing character: There is no ^^80 in font cmr10!
Missing character: There is no ^^a2 in font cmr10!
LaTeX Font Info:    Font shape `JT1/mc/m/n' will be
(Font)              scaled to size 4.805pt on input line 1409.
Missing character: There is no ^^e2 in font cmr10!
Missing character: There is no ^^80 in font cmr10!
Missing character: There is no ^^a2 in font cmr10!
Missing character: There is no ^^e2 in font cmr10!
Missing character: There is no ^^80 in font cmr10!
Missing character: There is no ^^a2 in font cmr10!
LaTeX Font Info:    Font shape `JT1/mc/m/n' will be
(Font)              scaled to size 11.53198pt on input line 1418.
LaTeX Font Info:    Font shape `JY1/mc/m/n' will be
(Font)              scaled to size 11.53198pt on input line 1418.
LaTeX Font Info:    Font shape `JT1/gt/m/n' will be
(Font)              scaled to size 11.53198pt on input line 1418.
LaTeX Font Info:    Font shape `JY1/gt/m/n' will be
(Font)              scaled to size 11.53198pt on input line 1418.
Missing character: There is no ^^e2 in font cmr10!
Missing character: There is no ^^80 in font cmr10!
Missing character: There is no ^^a2 in font cmr10!
 [8]
Missing character: There is no ^^e2 in font cmr10!
Missing character: There is no ^^80 in font cmr10!
Missing character: There is no ^^a2 in font cmr10!
Missing character: There is no ^^e2 in font cmr10!
Missing character: There is no ^^80 in font cmr10!
Missing character: There is no ^^a2 in font cmr10!
Missing character: There is no ^^e2 in font cmr10!
Missing character: There is no ^^80 in font cmr10!
Missing character: There is no ^^a2 in font cmr10!
Missing character: There is no ^^e2 in font cmr10!
Missing character: There is no ^^80 in font cmr10!
Missing character: There is no ^^a2 in font cmr10!
 [9]
Missing character: There is no ^^e2 in font cmr10!
Missing character: There is no ^^80 in font cmr10!
Missing character: There is no ^^a2 in font cmr10!
Missing character: There is no ^^e2 in font cmr10!
Missing character: There is no ^^80 in font cmr10!
Missing character: There is no ^^a2 in font cmr10!
Missing character: There is no ^^e2 in font cmr10!
Missing character: There is no ^^80 in font cmr10!
Missing character: There is no ^^93 in font cmr10!
Missing character: There is no ^^e2 in font cmr10!
Missing character: There is no ^^80 in font cmr10!
Missing character: There is no ^^a2 in font cmr10!
Missing character: There is no ^^e2 in font cmr10!
Missing character: There is no ^^80 in font cmr10!
Missing character: There is no ^^a2 in font cmr10!
Missing character: There is no ^^e2 in font cmr10!
Missing character: There is no ^^80 in font cmr10!
Missing character: There is no ^^a2 in font cmr10!
 [10]
Missing character: There is no ^^e2 in font cmr10!
Missing character: There is no ^^80 in font cmr10!
Missing character: There is no ^^a2 in font cmr10!
Missing character: There is no ^^e2 in font cmr10!
Missing character: There is no ^^80 in font cmr10!
Missing character: There is no ^^a2 in font cmr10!
Missing character: There is no ^^e2 in font cmr10!
Missing character: There is no ^^80 in font cmr10!
Missing character: There is no ^^a2 in font cmr10!
Missing character: There is no ^^e2 in font cmr10!
Missing character: There is no ^^80 in font cmr10!
Missing character: There is no ^^a2 in font cmr10!
Missing character: There is no ^^e2 in font cmr10!
Missing character: There is no ^^80 in font cmr10!
Missing character: There is no ^^a2 in font cmr10!
Missing character: There is no ^^e2 in font cmr10!
Missing character: There is no ^^80 in font cmr10!
Missing character: There is no ^^a2 in font cmr10!
 [11]
Missing character: There is no ^^e2 in font cmr10!
Missing character: There is no ^^80 in font cmr10!
Missing character: There is no ^^a2 in font cmr10!
Missing character: There is no ^^e2 in font cmr10!
Missing character: There is no ^^80 in font cmr10!
Missing character: There is no ^^a2 in font cmr10!
Missing character: There is no ^^e2 in font cmr10!
Missing character: There is no ^^80 in font cmr10!
Missing character: There is no ^^a2 in font cmr10!
Missing character: There is no ^^e2 in font cmr10!
Missing character: There is no ^^80 in font cmr10!
Missing character: There is no ^^a2 in font cmr10!
Missing character: There is no ^^e2 in font cmr10!
Missing character: There is no ^^80 in font cmr10!
Missing character: There is no ^^a2 in font cmr10!
Missing character: There is no ^^e2 in font cmr10!
Missing character: There is no ^^80 in font cmr10!
Missing character: There is no ^^a2 in font cmr10!
Missing character: There is no ^^e2 in font cmr10!
Missing character: There is no ^^80 in font cmr10!
Missing character: There is no ^^a2 in font cmr10!
Missing character: There is no ^^e2 in font cmr10!
Missing character: There is no ^^80 in font cmr10!
Missing character: There is no ^^a2 in font cmr10!
Missing character: There is no ^^e2 in font cmr10!
Missing character: There is no ^^80 in font cmr10!
Missing character: There is no ^^a2 in font cmr10!
 [12]
Missing character: There is no ^^e2 in font cmr10!
Missing character: There is no ^^80 in font cmr10!
Missing character: There is no ^^a2 in font cmr10!
Missing character: There is no ^^e2 in font cmr10!
Missing character: There is no ^^80 in font cmr10!
Missing character: There is no ^^a2 in font cmr10!
Missing character: There is no ^^e2 in font cmr10!
Missing character: There is no ^^80 in font cmr10!
Missing character: There is no ^^a2 in font cmr10!
Missing character: There is no ^^e2 in font cmr10!
Missing character: There is no ^^80 in font cmr10!
Missing character: There is no ^^a2 in font cmr10!
Missing character: There is no ^^e2 in font cmr10!
Missing character: There is no ^^80 in font cmr10!
Missing character: There is no ^^a2 in font cmr10!
Missing character: There is no ^^e2 in font cmr10!
Missing character: There is no ^^80 in font cmr10!
Missing character: There is no ^^a2 in font cmr10!
Missing character: There is no ^^e2 in font cmr10!
Missing character: There is no ^^80 in font cmr10!
Missing character: There is no ^^a2 in font cmr10!
 [13]
Missing character: There is no ^^e2 in font cmr10!
Missing character: There is no ^^80 in font cmr10!
Missing character: There is no ^^93 in font cmr10!
Missing character: There is no ^^c3 in font cmr10!
Missing character: There is no ^^ae in font cmr10!
Missing character: There is no ^^c3 in font cmr10!
Missing character: There is no ^^ae in font cmr10!
Missing character: There is no ^^e2 in font cmr10!
Missing character: There is no ^^80 in font cmr10!
Missing character: There is no ^^a2 in font cmr10!
Missing character: There is no ^^e2 in font cmr10!
Missing character: There is no ^^80 in font cmr10!
Missing character: There is no ^^a2 in font cmr10!
 [14]
Missing character: There is no ^^e2 in font cmr10!
Missing character: There is no ^^80 in font cmr10!
Missing character: There is no ^^a2 in font cmr10!
Missing character: There is no ^^e2 in font cmr10!
Missing character: There is no ^^80 in font cmr10!
Missing character: There is no ^^a2 in font cmr10!
File: figure/fig1-1.png Graphic file (type bmp)
<figure/fig1-1.png>
LaTeX Font Info:    Font shape `JT1/mc/m/n' will be
(Font)              scaled to size 8.64899pt on input line 1750.
LaTeX Font Info:    Font shape `JY1/mc/m/n' will be
(Font)              scaled to size 8.64899pt on input line 1750.
Missing character: There is no ^^e2 in font cmr10!
Missing character: There is no ^^80 in font cmr10!
Missing character: There is no ^^a2 in font cmr10!


LaTeX Warning: `h' float specifier changed to `ht'.

File: figure/fig1-2.png Graphic file (type bmp)
<figure/fig1-2.png>
Missing character: There is no ^^e2 in font cmr10!
Missing character: There is no ^^80 in font cmr10!
Missing character: There is no ^^a2 in font cmr10!

LaTeX Warning: `h' float specifier changed to `ht'.

[15]
Missing character: There is no ^^e2 in font cmr10!
Missing character: There is no ^^80 in font cmr10!
Missing character: There is no ^^a2 in font cmr10!
File: figure/fig1-3.png Graphic file (type bmp)
<figure/fig1-3.png>
Missing character: There is no ^^e2 in font cmr10!
Missing character: There is no ^^80 in font cmr10!
Missing character: There is no ^^a2 in font cmr10!


LaTeX Warning: `h' float specifier changed to `ht'.

File: figure/fig1-4.png Graphic file (type bmp)
<figure/fig1-4.png>
Missing character: There is no ^^e2 in font cmr10!
Missing character: There is no ^^80 in font cmr10!
Missing character: There is no ^^a2 in font cmr10!

LaTeX Warning: `h' float specifier changed to `ht'.

[16] [17] 
Missing character: There is no ^^e2 in font cmr10!
Missing character: There is no ^^80 in font cmr10!
Missing character: There is no ^^a2 in font cmr10!
 [18]
\tf@thm=\write5
\openout5 = `notes.thm'.

 [19]
Package atveryend Info: Empty hook `BeforeClearDocument' on input line 1871.
Package atveryend Info: Empty hook `AfterLastShipout' on input line 1871.
 (./notes.aux)
Package atveryend Info: Empty hook `AtVeryEndDocument' on input line 1871.
Package atveryend Info: Executing hook `AtEndAfterFileList' on input line 1871.

Package rerunfilecheck Info: File `notes.out' has not changed.
(rerunfilecheck)             Checksum: 325D256AB3299D100C70D0ED7B18918B;437.
Package atveryend Info: Empty hook `AtVeryVeryEnd' on input line 1871.
 ) 
Here is how much of TeX's memory you used:
 25533 strings out of 493638
 475096 string characters out of 6141727
 558716 words of memory out of 5000000
 28761 multiletter control sequences out of 15000+600000
 549116 words of font info for 108 fonts, out of 8000000 for 9000
 934 hyphenation exceptions out of 8191
 65i,18n,49p,10489b,425s stack positions out of 5000i,500n,10000p,200000b,80000s

Output written on notes.dvi (19 pages, 118444 bytes).
