This is e-pTeX, Version 3.14159265-p3.7.1-161114-2.6 (utf8.euc) (TeX Live 2017) (preloaded format=platex 2019.3.4)  23 APR 2019 12:47
entering extended mode
 restricted \write18 enabled.
 file:line:error style messages enabled.
 %&-line parsing enabled.
**notes0423.tex
(./notes0423.tex
pLaTeX2e <2017/10/28>+4 (based on LaTeX2e <2017-04-15>)
Babel <3.17> and hyphenation patterns for 84 language(s) loaded.

(/Applications/TeXLive/Library/texlive/2017/texmf-dist/tex/latex/base/article.c
ls
Document Class: article 2014/09/29 v1.4h Standard LaTeX document class

(/Applications/TeXLive/Library/texlive/2017/texmf-dist/tex/latex/base/size12.cl
o
File: size12.clo 2014/09/29 v1.4h Standard LaTeX file (size option)
)
\c@part=\count82
\c@section=\count83
\c@subsection=\count84
\c@subsubsection=\count85
\c@paragraph=\count86
\c@subparagraph=\count87
\c@figure=\count88
\c@table=\count89
\abovecaptionskip=\skip41
\belowcaptionskip=\skip42
\bibindent=\dimen118
)
(/Applications/TeXLive/Library/texlive/2017/texmf-dist/tex/latex/geometry/geome
try.sty
Package: geometry 2010/09/12 v5.6 Page Geometry

(/Applications/TeXLive/Library/texlive/2017/texmf-dist/tex/latex/graphics/keyva
l.sty
Package: keyval 2014/10/28 v1.15 key=value parser (DPC)
\KV@toks@=\toks15
)
(/Applications/TeXLive/Library/texlive/2017/texmf-dist/tex/generic/oberdiek/ifp
df.sty
Package: ifpdf 2017/03/15 v3.2 Provides the ifpdf switch
)
(/Applications/TeXLive/Library/texlive/2017/texmf-dist/tex/generic/oberdiek/ifv
tex.sty
Package: ifvtex 2016/05/16 v1.6 Detect VTeX and its facilities (HO)
Package ifvtex Info: VTeX not detected.
)
(/Applications/TeXLive/Library/texlive/2017/texmf-dist/tex/generic/ifxetex/ifxe
tex.sty
Package: ifxetex 2010/09/12 v0.6 Provides ifxetex conditional
)
\Gm@cnth=\count90
\Gm@cntv=\count91
\c@Gm@tempcnt=\count92
\Gm@bindingoffset=\dimen119
\Gm@wd@mp=\dimen120
\Gm@odd@mp=\dimen121
\Gm@even@mp=\dimen122
\Gm@layoutwidth=\dimen123
\Gm@layoutheight=\dimen124
\Gm@layouthoffset=\dimen125
\Gm@layoutvoffset=\dimen126
\Gm@dimlist=\toks16
)
(/Applications/TeXLive/Library/texlive/2017/texmf-dist/tex/latex/mathtools/math
tools.sty
Package: mathtools 2018/01/08 v1.21 mathematical typesetting tools

(/Applications/TeXLive/Library/texlive/2017/texmf-dist/tex/latex/tools/calc.sty
Package: calc 2014/10/28 v4.3 Infix arithmetic (KKT,FJ)
\calc@Acount=\count93
\calc@Bcount=\count94
\calc@Adimen=\dimen127
\calc@Bdimen=\dimen128
\calc@Askip=\skip43
\calc@Bskip=\skip44
LaTeX Info: Redefining \setlength on input line 80.
LaTeX Info: Redefining \addtolength on input line 81.
\calc@Ccount=\count95
\calc@Cskip=\skip45
)
(/Applications/TeXLive/Library/texlive/2017/texmf-dist/tex/latex/mathtools/mhse
tup.sty
Package: mhsetup 2017/03/31 v1.3 programming setup (MH)
)
(/Applications/TeXLive/Library/texlive/2017/texmf-dist/tex/latex/amsmath/amsmat
h.sty
Package: amsmath 2017/09/02 v2.17a AMS math features
\@mathmargin=\skip46

For additional information on amsmath, use the `?' option.

(/Applications/TeXLive/Library/texlive/2017/texmf-dist/tex/latex/amsmath/amstex
t.sty
Package: amstext 2000/06/29 v2.01 AMS text

(/Applications/TeXLive/Library/texlive/2017/texmf-dist/tex/latex/amsmath/amsgen
.sty
File: amsgen.sty 1999/11/30 v2.0 generic functions
\@emptytoks=\toks17
\ex@=\dimen129
))
(/Applications/TeXLive/Library/texlive/2017/texmf-dist/tex/latex/amsmath/amsbsy
.sty
Package: amsbsy 1999/11/29 v1.2d Bold Symbols
\pmbraise@=\dimen130
)
(/Applications/TeXLive/Library/texlive/2017/texmf-dist/tex/latex/amsmath/amsopn
.sty
Package: amsopn 2016/03/08 v2.02 operator names
)
\inf@bad=\count96
LaTeX Info: Redefining \frac on input line 213.
\uproot@=\count97
\leftroot@=\count98
LaTeX Info: Redefining \overline on input line 375.
\classnum@=\count99
\DOTSCASE@=\count100
LaTeX Info: Redefining \ldots on input line 472.
LaTeX Info: Redefining \dots on input line 475.
LaTeX Info: Redefining \cdots on input line 596.
\Mathstrutbox@=\box42
\strutbox@=\box43
\big@size=\dimen131
LaTeX Font Info:    Redeclaring font encoding OML on input line 712.
LaTeX Font Info:    Redeclaring font encoding OMS on input line 713.
\macc@depth=\count101
\c@MaxMatrixCols=\count102
\dotsspace@=\muskip10
\c@parentequation=\count103
\dspbrk@lvl=\count104
\tag@help=\toks18
\row@=\count105
\column@=\count106
\maxfields@=\count107
\andhelp@=\toks19
\eqnshift@=\dimen132
\alignsep@=\dimen133
\tagshift@=\dimen134
\tagwidth@=\dimen135
\totwidth@=\dimen136
\lineht@=\dimen137
\@envbody=\toks20
\multlinegap=\skip47
\multlinetaggap=\skip48
\mathdisplay@stack=\toks21
LaTeX Info: Redefining \[ on input line 2817.
LaTeX Info: Redefining \] on input line 2818.
)
LaTeX Info: Thecontrolsequence`\('isalreadyrobust on input line 129.
LaTeX Info: Thecontrolsequence`\)'isalreadyrobust on input line 129.
LaTeX Info: Thecontrolsequence`\['isalreadyrobust on input line 129.
LaTeX Info: Thecontrolsequence`\]'isalreadyrobust on input line 129.
\g_MT_multlinerow_int=\count108
\l_MT_multwidth_dim=\dimen138
\origjot=\skip49
\l_MT_shortvdotswithinadjustabove_dim=\dimen139
\l_MT_shortvdotswithinadjustbelow_dim=\dimen140
\l_MT_above_intertext_sep=\dimen141
\l_MT_below_intertext_sep=\dimen142
\l_MT_above_shortintertext_sep=\dimen143
\l_MT_below_shortintertext_sep=\dimen144
)
(/Applications/TeXLive/Library/texlive/2017/texmf-dist/tex/latex/amsfonts/amssy
mb.sty
Package: amssymb 2013/01/14 v3.01 AMS font symbols

(/Applications/TeXLive/Library/texlive/2017/texmf-dist/tex/latex/amsfonts/amsfo
nts.sty
Package: amsfonts 2013/01/14 v3.01 Basic AMSFonts support
\symAMSa=\mathgroup4
\symAMSb=\mathgroup5
LaTeX Font Info:    Overwriting math alphabet `\mathfrak' in version `bold'
(Font)                  U/euf/m/n --> U/euf/b/n on input line 106.
))
(/Applications/TeXLive/Library/texlive/2017/texmf-dist/tex/latex/tocbibind/tocb
ibind.sty
Package: tocbibind 2010/10/13 v1.5k extra ToC listings
Package tocbibind Info: The document has section divisions on input line 50.


Package tocbibind Note: Using section or other style headings.

) (/Applications/TeXLive/Library/texlive/2017/texmf-dist/tex/latex/tools/bm.sty
Package: bm 2017/01/16 v1.2c Bold Symbol Support (DPC/FMi)
\symboldoperators=\mathgroup6
\symboldletters=\mathgroup7
\symboldsymbols=\mathgroup8
LaTeX Font Info:    Redeclaring math alphabet \mathbf on input line 141.
LaTeX Info: Redefining \bm on input line 207.
)
(/Applications/TeXLive/Library/texlive/2017/texmf-dist/tex/generic/mathdots/mat
hdots.sty
Package: mathdots 2014/06/11 v0.9 Improve and add various macros for dots in ma
th.
\MDo@unit=\dimen145
\MDo@dotsbox=\box44
\MDoprekern=\muskip11
\MDopostkern=\muskip12
\MDodotkern=\muskip13
)
(/Applications/TeXLive/Library/texlive/2017/texmf-dist/tex/latex/graphics/graph
icx.sty
Package: graphicx 2017/06/01 v1.1a Enhanced LaTeX Graphics (DPC,SPQR)

(/Applications/TeXLive/Library/texlive/2017/texmf-dist/tex/latex/graphics/graph
ics.sty
Package: graphics 2017/06/25 v1.2c Standard LaTeX Graphics (DPC,SPQR)

(/Applications/TeXLive/Library/texlive/2017/texmf-dist/tex/latex/graphics/trig.
sty
Package: trig 2016/01/03 v1.10 sin cos tan (DPC)
)
(/Applications/TeXLive/Library/texlive/2017/texmf-dist/tex/latex/graphics-cfg/g
raphics.cfg
File: graphics.cfg 2016/06/04 v1.11 sample graphics configuration
)
Package graphics Info: Driver file: dvips.def on input line 99.

(/Applications/TeXLive/Library/texlive/2017/texmf-dist/tex/latex/graphics-def/d
vips.def
File: dvips.def 2017/06/20 v3.1d Graphics/color driver for dvips
))
\Gin@req@height=\dimen146
\Gin@req@width=\dimen147
)
(/Applications/TeXLive/Library/texlive/2017/texmf-dist/tex/latex/float/float.st
y
Package: float 2001/11/08 v1.3d Float enhancements (AL)
\c@float@type=\count109
\float@exts=\toks22
\float@box=\box45
\@float@everytoks=\toks23
\@floatcapt=\box46
)
(/Applications/TeXLive/Library/texlive/2017/texmf-dist/tex/latex/xcolor/xcolor.
sty
Package: xcolor 2016/05/11 v2.12 LaTeX color extensions (UK)

(/Applications/TeXLive/Library/texlive/2017/texmf-dist/tex/latex/graphics-cfg/c
olor.cfg
File: color.cfg 2016/01/02 v1.6 sample color configuration
)
Package xcolor Info: Driver file: dvips.def on input line 225.
Package xcolor Info: Model `cmy' substituted by `cmy0' on input line 1348.
Package xcolor Info: Model `RGB' extended on input line 1364.
Package xcolor Info: Model `HTML' substituted by `rgb' on input line 1366.
Package xcolor Info: Model `Hsb' substituted by `hsb' on input line 1367.
Package xcolor Info: Model `tHsb' substituted by `hsb' on input line 1368.
Package xcolor Info: Model `HSB' substituted by `hsb' on input line 1369.
Package xcolor Info: Model `Gray' substituted by `gray' on input line 1370.
Package xcolor Info: Model `wave' substituted by `hsb' on input line 1371.

(/Applications/TeXLive/Library/texlive/2017/texmf-dist/tex/latex/xcolor/svgnam.
def
File: svgnam.def 2016/05/11 v2.12 Predefined colors according to SVG 1.1 (UK)
))
(/Applications/TeXLive/Library/texlive/2017/texmf-dist/tex/latex/tensor/tensor.
sty
Package: tensor 2004/12/20 v2.1 tensor indices package (PGR)
\tnsr@Sps=\toks24
\tnsr@Sbs=\toks25
\tnsr@Spe=\toks26
\tnsr@Sbe=\toks27
\ncld@Mno=\toks28
)
(/Applications/TeXLive/Library/texlive/2017/texmf-dist/tex/latex/tools/enumerat
e.sty
Package: enumerate 2015/07/23 v3.00 enumerate extensions (DPC)
\@enLab=\toks29
)
(/Applications/TeXLive/Library/texlive/2017/texmf-dist/tex/latex/adjustbox/adju
stbox.sty
Package: adjustbox 2012/05/21 v1.0 Adjusting TeX boxes (trim, clip, ...)

(/Applications/TeXLive/Library/texlive/2017/texmf-dist/tex/latex/xkeyval/xkeyva
l.sty
Package: xkeyval 2014/12/03 v2.7a package option processing (HA)

(/Applications/TeXLive/Library/texlive/2017/texmf-dist/tex/generic/xkeyval/xkey
val.tex
(/Applications/TeXLive/Library/texlive/2017/texmf-dist/tex/generic/xkeyval/xkvu
tils.tex
\XKV@toks=\toks30
\XKV@tempa@toks=\toks31
)
\XKV@depth=\count110
File: xkeyval.tex 2014/12/03 v2.7a key=value parser (HA)
))
(/Applications/TeXLive/Library/texlive/2017/texmf-dist/tex/latex/adjustbox/adjc
alc.sty
Package: adjcalc 2012/05/16 v1.1 Provides advanced setlength with multiple back
-ends (calc, etex, pgfmath)
)
(/Applications/TeXLive/Library/texlive/2017/texmf-dist/tex/latex/adjustbox/trim
clip.sty
Package: trimclip 2012/05/16 v1.0 Trim and clip general TeX material

(/Applications/TeXLive/Library/texlive/2017/texmf-dist/tex/latex/collectbox/col
lectbox.sty
Package: collectbox 2012/05/17 v0.4b Collect macro arguments as boxes
\collectedbox=\box47
)
\tc@llx=\dimen148
\tc@lly=\dimen149
\tc@urx=\dimen150
\tc@ury=\dimen151
Package trimclip Info: Using driver 'tc-dvips.def'.

(/Applications/TeXLive/Library/texlive/2017/texmf-dist/tex/latex/adjustbox/tc-d
vips.def
File: tc-dvips.def 2012/05/13 v1.0 Clipping driver for dvips
))
\adjbox@Width=\dimen152
\adjbox@Height=\dimen153
\adjbox@Depth=\dimen154
\adjbox@Totalheight=\dimen155

(/Applications/TeXLive/Library/texlive/2017/texmf-dist/tex/latex/ifoddpage/ifod
dpage.sty
Package: ifoddpage 2016/04/23 v1.1 Conditionals for odd/even page detection
\c@checkoddpage=\count111
)
(/Applications/TeXLive/Library/texlive/2017/texmf-dist/tex/latex/varwidth/varwi
dth.sty
Package: varwidth 2009/03/30 ver 0.92;  Variable-width minipages
\@vwid@box=\box48
\sift@deathcycles=\count112
\@vwid@loff=\dimen156
\@vwid@roff=\dimen157
))
(/Applications/TeXLive/Library/texlive/2017/texmf-dist/tex/latex/hyperref/hyper
ref.sty
Package: hyperref 2017/03/14 v6.85a Hypertext links for LaTeX

(/Applications/TeXLive/Library/texlive/2017/texmf-dist/tex/generic/oberdiek/hob
sub-hyperref.sty
Package: hobsub-hyperref 2016/05/16 v1.14 Bundle oberdiek, subset hyperref (HO)


(/Applications/TeXLive/Library/texlive/2017/texmf-dist/tex/generic/oberdiek/hob
sub-generic.sty
Package: hobsub-generic 2016/05/16 v1.14 Bundle oberdiek, subset generic (HO)
Package: hobsub 2016/05/16 v1.14 Construct package bundles (HO)
Package: infwarerr 2016/05/16 v1.4 Providing info/warning/error messages (HO)
Package: ltxcmds 2016/05/16 v1.23 LaTeX kernel commands for general use (HO)
Package: ifluatex 2016/05/16 v1.4 Provides the ifluatex switch (HO)
Package ifluatex Info: LuaTeX not detected.
Package hobsub Info: Skipping package `ifvtex' (already loaded).
Package: intcalc 2016/05/16 v1.2 Expandable calculations with integers (HO)
Package hobsub Info: Skipping package `ifpdf' (already loaded).
Package: etexcmds 2016/05/16 v1.6 Avoid name clashes with e-TeX commands (HO)
Package etexcmds Info: Could not find \expanded.
(etexcmds)             That can mean that you are not using pdfTeX 1.50 or
(etexcmds)             that some package has redefined \expanded.
(etexcmds)             In the latter case, load this package earlier.
Package: kvsetkeys 2016/05/16 v1.17 Key value parser (HO)
Package: kvdefinekeys 2016/05/16 v1.4 Define keys (HO)
Package: pdftexcmds 2018/01/21 v0.26 Utility functions of pdfTeX for LuaTeX (HO
)
Package pdftexcmds Info: LuaTeX not detected.
Package pdftexcmds Info: pdfTeX >= 1.30 not detected.
Package pdftexcmds Info: \pdf@primitive is available.
Package pdftexcmds Info: \pdf@ifprimitive is available.
Package pdftexcmds Info: \pdfdraftmode not found.
Package: pdfescape 2016/05/16 v1.14 Implements pdfTeX's escape features (HO)
Package: bigintcalc 2016/05/16 v1.4 Expandable calculations on big integers (HO
)
Package: bitset 2016/05/16 v1.2 Handle bit-vector datatype (HO)
Package: uniquecounter 2016/05/16 v1.3 Provide unlimited unique counter (HO)
)
Package hobsub Info: Skipping package `hobsub' (already loaded).
Package: letltxmacro 2016/05/16 v1.5 Let assignment for LaTeX macros (HO)
Package: hopatch 2016/05/16 v1.3 Wrapper for package hooks (HO)
Package: xcolor-patch 2016/05/16 xcolor patch
Package: atveryend 2016/05/16 v1.9 Hooks at the very end of document (HO)
Package atveryend Info: \enddocument detected (standard20110627).
Package: atbegshi 2016/06/09 v1.18 At begin shipout hook (HO)
Package: refcount 2016/05/16 v3.5 Data extraction from label references (HO)
Package: hycolor 2016/05/16 v1.8 Color options for hyperref/bookmark (HO)
)
(/Applications/TeXLive/Library/texlive/2017/texmf-dist/tex/latex/oberdiek/auxho
ok.sty
Package: auxhook 2016/05/16 v1.4 Hooks for auxiliary files (HO)
)
(/Applications/TeXLive/Library/texlive/2017/texmf-dist/tex/latex/oberdiek/kvopt
ions.sty
Package: kvoptions 2016/05/16 v3.12 Key value format for package options (HO)
)
\@linkdim=\dimen158
\Hy@linkcounter=\count113
\Hy@pagecounter=\count114

(/Applications/TeXLive/Library/texlive/2017/texmf-dist/tex/latex/hyperref/pd1en
c.def
File: pd1enc.def 2017/03/14 v6.85a Hyperref: PDFDocEncoding definition (HO)
)
\Hy@SavedSpaceFactor=\count115

(/Applications/TeXLive/Library/texlive/2017/texmf-dist/tex/latex/latexconfig/hy
perref.cfg
File: hyperref.cfg 2002/06/06 v1.2 hyperref configuration of TeXLive
)
Package hyperref Info: Option `colorlinks' set `true' on input line 4374.
Package hyperref Info: Option `bookmarks' set `true' on input line 4374.
Package hyperref Info: Option `bookmarksnumbered' set `true' on input line 4374
.
Package hyperref Info: Option `linktocpage' set `true' on input line 4374.
Package hyperref Info: Hyper figures OFF on input line 4498.
Package hyperref Info: Link nesting OFF on input line 4503.
Package hyperref Info: Hyper index ON on input line 4506.
Package hyperref Info: Plain pages OFF on input line 4513.
Package hyperref Info: Backreferencing OFF on input line 4518.
Package hyperref Info: Implicit mode ON; LaTeX internals redefined.
Package hyperref Info: Bookmarks ON on input line 4751.
\c@Hy@tempcnt=\count116

(/Applications/TeXLive/Library/texlive/2017/texmf-dist/tex/latex/url/url.sty
\Urlmuskip=\muskip14
Package: url 2013/09/16  ver 3.4  Verb mode for urls, etc.
)
LaTeX Info: Redefining \url on input line 5104.
\XeTeXLinkMargin=\dimen159
\Fld@menulength=\count117
\Field@Width=\dimen160
\Fld@charsize=\dimen161
Package hyperref Info: Hyper figures OFF on input line 6358.
Package hyperref Info: Link nesting OFF on input line 6363.
Package hyperref Info: Hyper index ON on input line 6366.
Package hyperref Info: backreferencing OFF on input line 6373.
Package hyperref Info: Link coloring ON on input line 6376.
Package hyperref Info: Link coloring with OCG OFF on input line 6383.
Package hyperref Info: PDF/A mode OFF on input line 6388.
LaTeX Info: Redefining \ref on input line 6428.
LaTeX Info: Redefining \pageref on input line 6432.
\Hy@abspage=\count118
\c@Item=\count119
\c@Hfootnote=\count120
)

Package hyperref Message: Driver: hdvipdfm.


(/Applications/TeXLive/Library/texlive/2017/texmf-dist/tex/latex/hyperref/hdvip
dfm.def
File: hdvipdfm.def 2017/03/14 v6.85a Hyperref driver for dvipdfm
\pdfm@box=\box49
\c@Hy@AnnotLevel=\count121
\HyField@AnnotCount=\count122
\Fld@listcount=\count123
\c@bookmark@seq@number=\count124

(/Applications/TeXLive/Library/texlive/2017/texmf-dist/tex/latex/oberdiek/rerun
filecheck.sty
Package: rerunfilecheck 2016/05/16 v1.8 Rerun checks for auxiliary files (HO)
Package uniquecounter Info: New unique counter `rerunfilecheck' on input line 2
82.
)
\Hy@SectionHShift=\skip50
)
(/Applications/TeXLive/Library/texlive/2017/texmf-dist/tex/platex/pxjahyper/pxj
ahyper.sty
Package: pxjahyper 2018/01/25 v0.3c
)
(/Applications/TeXLive/Library/texlive/2017/texmf-dist/tex/latex/ntheorem/ntheo
rem.sty
Style `ntheorem', Version 1.33 <2011/08/15>
Package: ntheorem 2011/08/15 1.33

(/Applications/TeXLive/Library/texlive/2017/texmf-dist/tex/latex/base/ifthen.st
y
Package: ifthen 2014/09/29 v1.1c Standard LaTeX ifthen package (DPC)
)
\theorem@style=\toks32
\theorem@@style=\toks33
\theorembodyfont=\toks34
\theoremnumbering=\toks35
\theorempreskipamount=\skip51
\theorempostskipamount=\skip52
\theoremframepreskipamount=\skip53
\theoremframepostskipamount=\skip54
\theoreminframepreskipamount=\skip55
\theoreminframepostskipamount=\skip56
\theorem@preskip=\toks36
\theorem@postskip=\toks37
\theorem@framepreskip=\toks38
\theorem@framepostskip=\toks39
\theorem@inframepreskip=\toks40
\theorem@inframepostskip=\toks41
\theoremindent=\dimen162
\theorem@indent=\dimen163
\theoremrightindent=\dimen164
\theorem@rightindent=\dimen165
\theoremheaderfont=\toks42
\theoremseparator=\toks43
\theoremprework=\toks44
\theorempostwork=\toks45
\theoremsymbol=\toks46
\qedsymbol=\toks47
\theoremkeyword=\toks48
\qedsymbol=\toks49
\thm@topsep=\skip57
\thm@topsepadd=\skip58
Package ntheorem Info: Option `thmmarks' loaded on input line 1175.
\c@endNonectr=\count125
\c@currNonectr=\count126
\mysavskip=\skip59
Package ntheorem Info: Option `thref' loaded on input line 1175.
\mysavskip=\skip60
Package ntheorem Info: option `amsmath' handling for `thref' loaded on input li
ne 1175.
Package ntheorem Info: option `amsmath' handling for `thmmarks' loaded on input
 line 1175.
\thm@amstmpdepth=\dimen166
\tagwidth=\dimen167
)
(/Applications/TeXLive/Library/texlive/2017/texmf-dist/tex/latex/mdframed/mdfra
med.sty
Package: mdframed 2013/07/01 1.9b: mdframed

(/Applications/TeXLive/Library/texlive/2017/texmf-dist/tex/latex/l3packages/xpa
rse/xparse.sty
(/Applications/TeXLive/Library/texlive/2017/texmf-dist/tex/latex/l3kernel/expl3
.sty
Package: expl3 2017/12/16 L3 programming layer (loader) 

(/Applications/TeXLive/Library/texlive/2017/texmf-dist/tex/latex/l3kernel/expl3
-code.tex
Package: expl3 2017/12/16 L3 programming layer (code)
\c_max_int=\count127
\l_tmpa_int=\count128
\l_tmpb_int=\count129
\g_tmpa_int=\count130
\g_tmpb_int=\count131
\g__intarray_font_int=\count132
\g__prg_map_int=\count133
\c_log_iow=\count134
\l_iow_line_count_int=\count135
\l__iow_line_target_int=\count136
\l__iow_one_indent_int=\count137
\l__iow_indent_int=\count138
\c_zero_dim=\dimen168
\c_max_dim=\dimen169
\l_tmpa_dim=\dimen170
\l_tmpb_dim=\dimen171
\g_tmpa_dim=\dimen172
\g_tmpb_dim=\dimen173
\c_zero_skip=\skip61
\c_max_skip=\skip62
\l_tmpa_skip=\skip63
\l_tmpb_skip=\skip64
\g_tmpa_skip=\skip65
\g_tmpb_skip=\skip66
\c_zero_muskip=\muskip15
\c_max_muskip=\muskip16
\l_tmpa_muskip=\muskip17
\l_tmpb_muskip=\muskip18
\g_tmpa_muskip=\muskip19
\g_tmpb_muskip=\muskip20
\l_keys_choice_int=\count139
\c__fp_leading_shift_int=\count140
\c__fp_middle_shift_int=\count141
\c__fp_trailing_shift_int=\count142
\c__fp_big_leading_shift_int=\count143
\c__fp_big_middle_shift_int=\count144
\c__fp_big_trailing_shift_int=\count145
\c__fp_Bigg_leading_shift_int=\count146
\c__fp_Bigg_middle_shift_int=\count147
\c__fp_Bigg_trailing_shift_int=\count148
\c__fp_rand_size_int=\count149
\c__fp_rand_four_int=\count150
\c__fp_rand_eight_int=\count151
\l__sort_length_int=\count152
\l__sort_min_int=\count153
\l__sort_top_int=\count154
\l__sort_max_int=\count155
\l__sort_true_max_int=\count156
\l__sort_block_int=\count157
\l__sort_begin_int=\count158
\l__sort_end_int=\count159
\l__sort_A_int=\count160
\l__sort_B_int=\count161
\l__sort_C_int=\count162
\l__tl_build_start_index_int=\count163
\l__tl_build_index_int=\count164
\l__tl_analysis_normal_int=\count165
\l__tl_analysis_index_int=\count166
\l__tl_analysis_nesting_int=\count167
\l__tl_analysis_type_int=\count168
\l__regex_internal_a_int=\count169
\l__regex_internal_b_int=\count170
\l__regex_internal_c_int=\count171
\l__regex_balance_int=\count172
\l__regex_group_level_int=\count173
\l__regex_mode_int=\count174
\c__regex_cs_in_class_mode_int=\count175
\c__regex_cs_mode_int=\count176
\l__regex_catcodes_int=\count177
\l__regex_default_catcodes_int=\count178
\c__regex_catcode_D_int=\count179
\c__regex_catcode_S_int=\count180
\c__regex_catcode_L_int=\count181
\c__regex_catcode_O_int=\count182
\c__regex_catcode_A_int=\count183
\c__regex_all_catcodes_int=\count184
\l__regex_show_lines_int=\count185
\l__regex_min_state_int=\count186
\l__regex_max_state_int=\count187
\l__regex_left_state_int=\count188
\l__regex_right_state_int=\count189
\l__regex_capturing_group_int=\count190
\l__regex_min_pos_int=\count191
\l__regex_max_pos_int=\count192
\l__regex_curr_pos_int=\count193
\l__regex_start_pos_int=\count194
\l__regex_success_pos_int=\count195
\l__regex_curr_char_int=\count196
\l__regex_curr_catcode_int=\count197
\l__regex_last_char_int=\count198
\l__regex_case_changed_char_int=\count199
\l__regex_curr_state_int=\count266
\l__regex_step_int=\count267
\l__regex_min_active_int=\count268
\l__regex_max_active_int=\count269
\l__regex_replacement_csnames_int=\count270
\l__regex_match_count_int=\count271
\l__regex_min_submatch_int=\count272
\l__regex_submatch_int=\count273
\l__regex_zeroth_submatch_int=\count274
\g__debug_trace_regex_int=\count275
\c_empty_box=\box50
\l_tmpa_box=\box51
\l_tmpb_box=\box52
\g_tmpa_box=\box53
\g_tmpb_box=\box54
\l__box_top_dim=\dimen174
\l__box_bottom_dim=\dimen175
\l__box_left_dim=\dimen176
\l__box_right_dim=\dimen177
\l__box_top_new_dim=\dimen178
\l__box_bottom_new_dim=\dimen179
\l__box_left_new_dim=\dimen180
\l__box_right_new_dim=\dimen181
\l__box_internal_box=\box55
\l__coffin_internal_box=\box56
\l__coffin_internal_dim=\dimen182
\l__coffin_offset_x_dim=\dimen183
\l__coffin_offset_y_dim=\dimen184
\l__coffin_x_dim=\dimen185
\l__coffin_y_dim=\dimen186
\l__coffin_x_prime_dim=\dimen187
\l__coffin_y_prime_dim=\dimen188
\c_empty_coffin=\box57
\l__coffin_aligned_coffin=\box58
\l__coffin_aligned_internal_coffin=\box59
\l_tmpa_coffin=\box60
\l_tmpb_coffin=\box61
\l__coffin_display_coffin=\box62
\l__coffin_display_coord_coffin=\box63
\l__coffin_display_pole_coffin=\box64
\l__coffin_display_offset_dim=\dimen189
\l__coffin_display_x_dim=\dimen190
\l__coffin_display_y_dim=\dimen191
\l__coffin_bounding_shift_dim=\dimen192
\l__coffin_left_corner_dim=\dimen193
\l__coffin_right_corner_dim=\dimen194
\l__coffin_bottom_corner_dim=\dimen195
\l__coffin_top_corner_dim=\dimen196
\l__coffin_scaled_total_height_dim=\dimen197
\l__coffin_scaled_width_dim=\dimen198
)
(/Applications/TeXLive/Library/texlive/2017/texmf-dist/tex/latex/l3kernel/l3dvi
pdfmx.def
File: l3dvidpfmx.def 2017/03/18 v L3 Experimental driver: dvipdfmx
\g__driver_image_int=\count276
\l__driver_tmp_box=\box65
))
Package: xparse 2017/12/16 L3 Experimental document command parser
\l__xparse_current_arg_int=\count277
\g__xparse_grabber_int=\count278
\l__xparse_m_args_int=\count279
\l__xparse_mandatory_args_int=\count280
\l__xparse_v_nesting_int=\count281
)
(/Applications/TeXLive/Library/texlive/2017/texmf-dist/tex/latex/etoolbox/etool
box.sty
Package: etoolbox 2017/11/22 v2.5 e-TeX tools for LaTeX (JAW)
\etb@tempcnta=\count282
)
(/Applications/TeXLive/Library/texlive/2017/texmf-dist/tex/latex/oberdiek/zref-
abspage.sty
Package: zref-abspage 2016/05/21 v2.26 Module abspage for zref (HO)

(/Applications/TeXLive/Library/texlive/2017/texmf-dist/tex/latex/oberdiek/zref-
base.sty
Package: zref-base 2016/05/21 v2.26 Module base for zref (HO)
Package zref Info: New property list: main on input line 759.
Package zref Info: New property: default on input line 760.
Package zref Info: New property: page on input line 761.
)
\c@abspage=\count283
Package zref Info: New property: abspage on input line 62.
)
(/Applications/TeXLive/Library/texlive/2017/texmf-dist/tex/latex/needspace/need
space.sty
Package: needspace 2010/09/12 v1.3d reserve vertical space
)
\mdf@templength=\skip67
\c@mdf@globalstyle@cnt=\count284
\mdf@skipabove@length=\skip68
\mdf@skipbelow@length=\skip69
\mdf@leftmargin@length=\skip70
\mdf@rightmargin@length=\skip71
\mdf@innerleftmargin@length=\skip72
\mdf@innerrightmargin@length=\skip73
\mdf@innertopmargin@length=\skip74
\mdf@innerbottommargin@length=\skip75
\mdf@splittopskip@length=\skip76
\mdf@splitbottomskip@length=\skip77
\mdf@outermargin@length=\skip78
\mdf@innermargin@length=\skip79
\mdf@linewidth@length=\skip80
\mdf@innerlinewidth@length=\skip81
\mdf@middlelinewidth@length=\skip82
\mdf@outerlinewidth@length=\skip83
\mdf@roundcorner@length=\skip84
\mdf@footenotedistance@length=\skip85
\mdf@userdefinedwidth@length=\skip86
\mdf@needspace@length=\skip87
\mdf@frametitleaboveskip@length=\skip88
\mdf@frametitlebelowskip@length=\skip89
\mdf@frametitlerulewidth@length=\skip90
\mdf@frametitleleftmargin@length=\skip91
\mdf@frametitlerightmargin@length=\skip92
\mdf@shadowsize@length=\skip93
\mdf@extratopheight@length=\skip94
\mdf@subtitleabovelinewidth@length=\skip95
\mdf@subtitlebelowlinewidth@length=\skip96
\mdf@subtitleaboveskip@length=\skip97
\mdf@subtitlebelowskip@length=\skip98
\mdf@subtitleinneraboveskip@length=\skip99
\mdf@subtitleinnerbelowskip@length=\skip100
\mdf@subsubtitleabovelinewidth@length=\skip101
\mdf@subsubtitlebelowlinewidth@length=\skip102
\mdf@subsubtitleaboveskip@length=\skip103
\mdf@subsubtitlebelowskip@length=\skip104
\mdf@subsubtitleinneraboveskip@length=\skip105
\mdf@subsubtitleinnerbelowskip@length=\skip106

(/Applications/TeXLive/Library/texlive/2017/texmf-dist/tex/latex/mdframed/md-fr
ame-0.mdf
File: md-frame-0.mdf 2013/07/01\ 1.9b: md-frame-0
)
\mdf@frametitlebox=\box66
\mdf@footnotebox=\box67
\mdf@splitbox@one=\box68
\mdf@splitbox@two=\box69
\mdf@splitbox@save=\box70
\mdfsplitboxwidth=\skip107
\mdfsplitboxtotalwidth=\skip108
\mdfsplitboxheight=\skip109
\mdfsplitboxdepth=\skip110
\mdfsplitboxtotalheight=\skip111
\mdfframetitleboxwidth=\skip112
\mdfframetitleboxtotalwidth=\skip113
\mdfframetitleboxheight=\skip114
\mdfframetitleboxdepth=\skip115
\mdfframetitleboxtotalheight=\skip116
\mdffootnoteboxwidth=\skip117
\mdffootnoteboxtotalwidth=\skip118
\mdffootnoteboxheight=\skip119
\mdffootnoteboxdepth=\skip120
\mdffootnoteboxtotalheight=\skip121
\mdftotallinewidth=\skip122
\mdfboundingboxwidth=\skip123
\mdfboundingboxtotalwidth=\skip124
\mdfboundingboxheight=\skip125
\mdfboundingboxdepth=\skip126
\mdfboundingboxtotalheight=\skip127
\mdf@freevspace@length=\skip128
\mdf@horizontalwidthofbox@length=\skip129
\mdf@verticalmarginwhole@length=\skip130
\mdf@horizontalspaceofbox=\skip131
\mdfsubtitleheight=\skip132
\mdfsubsubtitleheight=\skip133
\c@mdfcountframes=\count285

****** mdframed patching \endmdf@trivlist

****** -- failed******

.................................................
. LaTeX info: "xparse/define-command"
. 
. Defining command \newmdtheoremenv with sig. 'O{} m o m o ' on line 601.
.................................................
.................................................
. LaTeX info: "xparse/define-command"
. 
. Defining command \mdtheorem with sig. ' O{} m o m o ' on line 701.
.................................................
\mdf@envdepth=\count286
\c@mdf@env@i=\count287
\c@mdf@env@ii=\count288
\c@mdf@zref@counter=\count289
Package zref Info: New property: mdf@pagevalue on input line 895.
)
\c@currprinciplectr=\count290
\c@endprinciplectr=\count291
\c@principle=\count292
\c@currassumptionctr=\count293
\c@endassumptionctr=\count294
\c@assumption=\count295
\c@currdefinitionctr=\count296
\c@enddefinitionctr=\count297
\c@definition=\count298
\c@currformulactr=\count299
\c@endformulactr=\count300
\c@formula=\count301
\c@currtheoremctr=\count302
\c@endtheoremctr=\count303
\c@currexamplectr=\count304
\c@endexamplectr=\count305
\c@example=\count306
\c@currobjectctr=\count307
\c@endobjectctr=\count308
\c@object=\count309
\c@currunclearctr=\count310
\c@endunclearctr=\count311
\c@unclear=\count312
 (./notes0423.aux)
\openout1 = `notes0423.aux'.

LaTeX Font Info:    Checking defaults for OML/cmm/m/it on input line 218.
LaTeX Font Info:    ... okay on input line 218.
LaTeX Font Info:    Checking defaults for T1/cmr/m/n on input line 218.
LaTeX Font Info:    ... okay on input line 218.
LaTeX Font Info:    Checking defaults for OT1/cmr/m/n on input line 218.
LaTeX Font Info:    ... okay on input line 218.
LaTeX Font Info:    Checking defaults for OMS/cmsy/m/n on input line 218.
LaTeX Font Info:    ... okay on input line 218.
LaTeX Font Info:    Checking defaults for OMX/cmex/m/n on input line 218.
LaTeX Font Info:    ... okay on input line 218.
LaTeX Font Info:    Checking defaults for U/cmr/m/n on input line 218.
LaTeX Font Info:    ... okay on input line 218.
LaTeX Font Info:    Checking defaults for JY1/mc/m/n on input line 218.
LaTeX Font Info:    ... okay on input line 218.
LaTeX Font Info:    Checking defaults for JT1/mc/m/n on input line 218.
LaTeX Font Info:    ... okay on input line 218.
LaTeX Font Info:    Checking defaults for PD1/pdf/m/n on input line 218.
LaTeX Font Info:    ... okay on input line 218.

*geometry* driver: auto-detecting
*geometry* detected driver: dvips
*geometry* verbose mode - [ preamble ] result:
* driver: dvips
* paper: a4paper
* layout: <same size as paper>
* layoutoffset:(h,v)=(0.0pt,0.0pt)
* modes: 
* h-part:(L,W,R)=(65.6833pt, 466.14127pt, 65.6833pt)
* v-part:(T,H,B)=(83.62823pt, 635.97621pt, 125.4424pt)
* \paperwidth=597.50787pt
* \paperheight=845.04684pt
* \textwidth=466.14127pt
* \textheight=635.97621pt
* \oddsidemargin=-6.58669pt
* \evensidemargin=-6.58669pt
* \topmargin=-25.64175pt
* \headheight=12.0pt
* \headsep=25.0pt
* \topskip=12.0pt
* \footskip=30.0pt
* \marginparwidth=35.0pt
* \marginparsep=10.0pt
* \columnsep=10.0pt
* \skip\footins=10.8pt plus 4.0pt minus 2.0pt
* \hoffset=0.0pt
* \voffset=0.0pt
* \mag=1000
* \@twocolumnfalse
* \@twosidefalse
* \@mparswitchfalse
* \@reversemarginfalse
* (1in=72.27pt=25.4mm, 1cm=28.453pt)

\AtBeginShipoutBox=\box71
Package hyperref Info: Link coloring ON on input line 218.

(/Applications/TeXLive/Library/texlive/2017/texmf-dist/tex/latex/hyperref/namer
ef.sty
Package: nameref 2016/05/21 v2.44 Cross-referencing by name of section

(/Applications/TeXLive/Library/texlive/2017/texmf-dist/tex/generic/oberdiek/get
titlestring.sty
Package: gettitlestring 2016/05/16 v1.5 Cleanup title references (HO)
)
\c@section@level=\count313
)
LaTeX Info: Redefining \ref on input line 218.
LaTeX Info: Redefining \pageref on input line 218.
LaTeX Info: Redefining \nameref on input line 218.
 (./notes0423.out) (./notes0423.out)
\@outlinefile=\write3
\openout3 = `notes0423.out'.

LaTeX Font Info:    Font shape `JT1/mc/bx/n' in size <14.4> not available
(Font)              Font shape `JT1/gt/m/n' tried instead on input line 221.
LaTeX Font Info:    Font shape `JY1/mc/bx/n' in size <14.4> not available
(Font)              Font shape `JY1/gt/m/n' tried instead on input line 221.
LaTeX Font Info:    Try loading font information for U+msa on input line 222.

(/Applications/TeXLive/Library/texlive/2017/texmf-dist/tex/latex/amsfonts/umsa.
fd
File: umsa.fd 2013/01/14 v3.01 AMS symbols A
)
LaTeX Font Info:    Try loading font information for U+msb on input line 222.

(/Applications/TeXLive/Library/texlive/2017/texmf-dist/tex/latex/amsfonts/umsb.
fd
File: umsb.fd 2013/01/14 v3.01 AMS symbols B
)
LaTeX Font Info:    Font shape `JT1/mc/bx/n' in size <12> not available
(Font)              Font shape `JT1/gt/m/n' tried instead on input line 226.
LaTeX Font Info:    Font shape `JY1/mc/bx/n' in size <12> not available
(Font)              Font shape `JY1/gt/m/n' tried instead on input line 226.
Package hyperref Info: bookmark level for unknown object defaults to 0 on input
 line 226.
LaTeX Font Info:    Try loading font information for OMS+cmr on input line 232.


(/Applications/TeXLive/Library/texlive/2017/texmf-dist/tex/latex/base/omscmr.fd
File: omscmr.fd 2014/09/29 v2.5h Standard LaTeX font definitions
)
LaTeX Font Info:    Font shape `OMS/cmr/m/n' in size <12> not available
(Font)              Font shape `OMS/cmsy/m/n' tried instead on input line 232.
 [1

]
Missing character: There is no ^^e2 in font cmr12!
Missing character: There is no ^^80 in font cmr12!
Missing character: There is no ^^a2 in font cmr12!
Missing character: There is no ^^e2 in font cmr12!
Missing character: There is no ^^80 in font cmr12!
Missing character: There is no ^^a2 in font cmr12!
 [2] [3] [4]
LaTeX Font Info:    Font shape `JT1/mc/bx/n' in size <17.28> not available
(Font)              Font shape `JT1/gt/m/n' tried instead on input line 422.
LaTeX Font Info:    Font shape `JY1/mc/bx/n' in size <17.28> not available
(Font)              Font shape `JY1/gt/m/n' tried instead on input line 422.

Overfull \hbox (2.97855pt too wide) in paragraph at lines 422--422
[]\OT1/cmr/bx/n/17.28 Luminosity dis-tances and an-gu-lar di-am-e-ter dis-tance
s 
 []

[5] [6] [7]
Missing character: There is no ^^e2 in font cmr12!
Missing character: There is no ^^80 in font cmr12!
Missing character: There is no ^^93 in font cmr12!
\tf@thm=\write4
\openout4 = `notes0423.thm'.

Package atveryend Info: Empty hook `BeforeClearDocument' on input line 513.
 [8]
Package atveryend Info: Empty hook `AfterLastShipout' on input line 513.
 (./notes0423.aux)
Package atveryend Info: Empty hook `AtVeryEndDocument' on input line 513.
Package atveryend Info: Executing hook `AtEndAfterFileList' on input line 513.
Package rerunfilecheck Info: File `notes0423.out' has not changed.
(rerunfilecheck)             Checksum: EC948C2CB6D0B614A3512154E932536E;451.
Package atveryend Info: Empty hook `AtVeryVeryEnd' on input line 513.
 ) 
Here is how much of TeX's memory you used:
 18196 strings out of 493638
 319633 string characters out of 6141727
 424396 words of memory out of 5000000
 21607 multiletter control sequences out of 15000+600000
 550002 words of font info for 99 fonts, out of 8000000 for 9000
 929 hyphenation exceptions out of 8191
 39i,13n,44p,10493b,393s stack positions out of 5000i,500n,10000p,200000b,80000s

Output written on notes0423.dvi (8 pages, 40344 bytes).
